ERROR - 2024-12-18 20:35:03 --> ErrorException: pg_query(): Query failed: ERROR:  null value in column &quot;student_id&quot; of relation &quot;users&quot; violates not-null constraint
DETAIL:  Failing row contains (8, syiqin, $2y$10$gyHklsZQ8Uo7DVW5xO97SudNL9e8kFE7J32GwAG.dYlneowY.kivy, 2024-12-19 04:35:03.461026, null). in C:\laragon\www\UPSI_SkillHub\system\Database\Postgre\Connection.php:204
Stack trace:
#0 [internal function]: CodeIgniter\Debug\Exceptions->errorHandler(2, 'pg_query(): Que...', 'C:\\laragon\\www\\...', 204)
#1 C:\laragon\www\UPSI_SkillHub\system\Database\Postgre\Connection.php(204): pg_query(Object(PgSql\Connection), 'INSERT INTO "us...')
#2 C:\laragon\www\UPSI_SkillHub\system\Database\BaseConnection.php(734): CodeIgniter\Database\Postgre\Connection->execute('INSERT INTO "us...')
#3 C:\laragon\www\UPSI_SkillHub\system\Database\BaseConnection.php(648): CodeIgniter\Database\BaseConnection->simpleQuery('INSERT INTO "us...')
#4 C:\laragon\www\UPSI_SkillHub\system\Database\BaseBuilder.php(2340): CodeIgniter\Database\BaseConnection->query('INSERT INTO "us...', Array, false)
#5 C:\laragon\www\UPSI_SkillHub\system\Model.php(394): CodeIgniter\Database\BaseBuilder->insert()
#6 C:\laragon\www\UPSI_SkillHub\system\BaseModel.php(840): CodeIgniter\Model->doInsert(Array)
#7 C:\laragon\www\UPSI_SkillHub\system\Model.php(802): CodeIgniter\BaseModel->insert(Array, true)
#8 C:\laragon\www\UPSI_SkillHub\app\Controllers\AuthController.php(86): CodeIgniter\Model->insert(Array)
#9 C:\laragon\www\UPSI_SkillHub\system\CodeIgniter.php(933): App\Controllers\AuthController->store()
#10 C:\laragon\www\UPSI_SkillHub\system\CodeIgniter.php(509): CodeIgniter\CodeIgniter->runController(Object(App\Controllers\AuthController))
#11 C:\laragon\www\UPSI_SkillHub\system\CodeIgniter.php(355): CodeIgniter\CodeIgniter->handleRequest(NULL, Object(Config\Cache), false)
#12 C:\laragon\www\UPSI_SkillHub\system\Boot.php(325): CodeIgniter\CodeIgniter->run()
#13 C:\laragon\www\UPSI_SkillHub\system\Boot.php(67): CodeIgniter\Boot::runCodeIgniter(Object(CodeIgniter\CodeIgniter))
#14 C:\laragon\www\UPSI_SkillHub\public\index.php(46): CodeIgniter\Boot::bootWeb(Object(Config\Paths))
#15 C:\laragon\www\UPSI_SkillHub\system\rewrite.php(44): require_once('C:\\laragon\\www\\...')
#16 {main}
ERROR - 2024-12-18 20:35:32 --> ErrorException: pg_query(): Query failed: ERROR:  null value in column &quot;student_id&quot; of relation &quot;users&quot; violates not-null constraint
DETAIL:  Failing row contains (9, bal, $2y$10$ryB8e8G483UZm.aajGr6VOJeW4jXR7U2khtajRD2bFYkyBB8Gl0jy, 2024-12-19 04:35:32.867226, null). in C:\laragon\www\UPSI_SkillHub\system\Database\Postgre\Connection.php:204
Stack trace:
#0 [internal function]: CodeIgniter\Debug\Exceptions->errorHandler(2, 'pg_query(): Que...', 'C:\\laragon\\www\\...', 204)
#1 C:\laragon\www\UPSI_SkillHub\system\Database\Postgre\Connection.php(204): pg_query(Object(PgSql\Connection), 'INSERT INTO "us...')
#2 C:\laragon\www\UPSI_SkillHub\system\Database\BaseConnection.php(734): CodeIgniter\Database\Postgre\Connection->execute('INSERT INTO "us...')
#3 C:\laragon\www\UPSI_SkillHub\system\Database\BaseConnection.php(648): CodeIgniter\Database\BaseConnection->simpleQuery('INSERT INTO "us...')
#4 C:\laragon\www\UPSI_SkillHub\system\Database\BaseBuilder.php(2340): CodeIgniter\Database\BaseConnection->query('INSERT INTO "us...', Array, false)
#5 C:\laragon\www\UPSI_SkillHub\system\Model.php(394): CodeIgniter\Database\BaseBuilder->insert()
#6 C:\laragon\www\UPSI_SkillHub\system\BaseModel.php(840): CodeIgniter\Model->doInsert(Array)
#7 C:\laragon\www\UPSI_SkillHub\system\Model.php(802): CodeIgniter\BaseModel->insert(Array, true)
#8 C:\laragon\www\UPSI_SkillHub\app\Controllers\AuthController.php(86): CodeIgniter\Model->insert(Array)
#9 C:\laragon\www\UPSI_SkillHub\system\CodeIgniter.php(933): App\Controllers\AuthController->store()
#10 C:\laragon\www\UPSI_SkillHub\system\CodeIgniter.php(509): CodeIgniter\CodeIgniter->runController(Object(App\Controllers\AuthController))
#11 C:\laragon\www\UPSI_SkillHub\system\CodeIgniter.php(355): CodeIgniter\CodeIgniter->handleRequest(NULL, Object(Config\Cache), false)
#12 C:\laragon\www\UPSI_SkillHub\system\Boot.php(325): CodeIgniter\CodeIgniter->run()
#13 C:\laragon\www\UPSI_SkillHub\system\Boot.php(67): CodeIgniter\Boot::runCodeIgniter(Object(CodeIgniter\CodeIgniter))
#14 C:\laragon\www\UPSI_SkillHub\public\index.php(46): CodeIgniter\Boot::bootWeb(Object(Config\Paths))
#15 C:\laragon\www\UPSI_SkillHub\system\rewrite.php(44): require_once('C:\\laragon\\www\\...')
#16 {main}
ERROR - 2024-12-18 20:37:02 --> ErrorException: pg_query(): Query failed: ERROR:  null value in column &quot;student_id&quot; of relation &quot;users&quot; violates not-null constraint
DETAIL:  Failing row contains (10, bal, $2y$10$LqMF1.08mnaFq1c7fhDsieU2fFbZiZN256F.euGzcphXw/OaJZz/6, 2024-12-19 04:37:02.881764, null). in C:\laragon\www\UPSI_SkillHub\system\Database\Postgre\Connection.php:204
Stack trace:
#0 [internal function]: CodeIgniter\Debug\Exceptions->errorHandler(2, 'pg_query(): Que...', 'C:\\laragon\\www\\...', 204)
#1 C:\laragon\www\UPSI_SkillHub\system\Database\Postgre\Connection.php(204): pg_query(Object(PgSql\Connection), 'INSERT INTO "us...')
#2 C:\laragon\www\UPSI_SkillHub\system\Database\BaseConnection.php(734): CodeIgniter\Database\Postgre\Connection->execute('INSERT INTO "us...')
#3 C:\laragon\www\UPSI_SkillHub\system\Database\BaseConnection.php(648): CodeIgniter\Database\BaseConnection->simpleQuery('INSERT INTO "us...')
#4 C:\laragon\www\UPSI_SkillHub\system\Database\BaseBuilder.php(2340): CodeIgniter\Database\BaseConnection->query('INSERT INTO "us...', Array, false)
#5 C:\laragon\www\UPSI_SkillHub\system\Model.php(394): CodeIgniter\Database\BaseBuilder->insert()
#6 C:\laragon\www\UPSI_SkillHub\system\BaseModel.php(840): CodeIgniter\Model->doInsert(Array)
#7 C:\laragon\www\UPSI_SkillHub\system\Model.php(802): CodeIgniter\BaseModel->insert(Array, true)
#8 C:\laragon\www\UPSI_SkillHub\app\Controllers\AuthController.php(86): CodeIgniter\Model->insert(Array)
#9 C:\laragon\www\UPSI_SkillHub\system\CodeIgniter.php(933): App\Controllers\AuthController->store()
#10 C:\laragon\www\UPSI_SkillHub\system\CodeIgniter.php(509): CodeIgniter\CodeIgniter->runController(Object(App\Controllers\AuthController))
#11 C:\laragon\www\UPSI_SkillHub\system\CodeIgniter.php(355): CodeIgniter\CodeIgniter->handleRequest(NULL, Object(Config\Cache), false)
#12 C:\laragon\www\UPSI_SkillHub\system\Boot.php(325): CodeIgniter\CodeIgniter->run()
#13 C:\laragon\www\UPSI_SkillHub\system\Boot.php(67): CodeIgniter\Boot::runCodeIgniter(Object(CodeIgniter\CodeIgniter))
#14 C:\laragon\www\UPSI_SkillHub\public\index.php(46): CodeIgniter\Boot::bootWeb(Object(Config\Paths))
#15 C:\laragon\www\UPSI_SkillHub\system\rewrite.php(44): require_once('C:\\laragon\\www\\...')
#16 {main}
ERROR - 2024-12-18 20:44:16 --> ErrorException: pg_query(): Query failed: ERROR:  null value in column &quot;student_id&quot; of relation &quot;users&quot; violates not-null constraint
DETAIL:  Failing row contains (11, bal, $2y$10$nybyjdIeOjMQJapJff/Jje4Mf.8aParuvJSLfupFq7zUsbdSN4Sg., 2024-12-19 04:44:16.266555, null). in C:\laragon\www\UPSI_SkillHub\system\Database\Postgre\Connection.php:204
Stack trace:
#0 [internal function]: CodeIgniter\Debug\Exceptions->errorHandler(2, 'pg_query(): Que...', 'C:\\laragon\\www\\...', 204)
#1 C:\laragon\www\UPSI_SkillHub\system\Database\Postgre\Connection.php(204): pg_query(Object(PgSql\Connection), 'INSERT INTO "us...')
#2 C:\laragon\www\UPSI_SkillHub\system\Database\BaseConnection.php(734): CodeIgniter\Database\Postgre\Connection->execute('INSERT INTO "us...')
#3 C:\laragon\www\UPSI_SkillHub\system\Database\BaseConnection.php(648): CodeIgniter\Database\BaseConnection->simpleQuery('INSERT INTO "us...')
#4 C:\laragon\www\UPSI_SkillHub\system\Database\BaseBuilder.php(2340): CodeIgniter\Database\BaseConnection->query('INSERT INTO "us...', Array, false)
#5 C:\laragon\www\UPSI_SkillHub\system\Model.php(394): CodeIgniter\Database\BaseBuilder->insert()
#6 C:\laragon\www\UPSI_SkillHub\system\BaseModel.php(840): CodeIgniter\Model->doInsert(Array)
#7 C:\laragon\www\UPSI_SkillHub\system\Model.php(802): CodeIgniter\BaseModel->insert(Array, true)
#8 C:\laragon\www\UPSI_SkillHub\app\Controllers\AuthController.php(95): CodeIgniter\Model->insert(Array)
#9 C:\laragon\www\UPSI_SkillHub\system\CodeIgniter.php(933): App\Controllers\AuthController->store()
#10 C:\laragon\www\UPSI_SkillHub\system\CodeIgniter.php(509): CodeIgniter\CodeIgniter->runController(Object(App\Controllers\AuthController))
#11 C:\laragon\www\UPSI_SkillHub\system\CodeIgniter.php(355): CodeIgniter\CodeIgniter->handleRequest(NULL, Object(Config\Cache), false)
#12 C:\laragon\www\UPSI_SkillHub\system\Boot.php(325): CodeIgniter\CodeIgniter->run()
#13 C:\laragon\www\UPSI_SkillHub\system\Boot.php(67): CodeIgniter\Boot::runCodeIgniter(Object(CodeIgniter\CodeIgniter))
#14 C:\laragon\www\UPSI_SkillHub\public\index.php(46): CodeIgniter\Boot::bootWeb(Object(Config\Paths))
#15 C:\laragon\www\UPSI_SkillHub\system\rewrite.php(44): require_once('C:\\laragon\\www\\...')
#16 {main}
ERROR - 2024-12-18 20:50:48 --> ErrorException: pg_query(): Query failed: ERROR:  null value in column &quot;student_id&quot; of relation &quot;users&quot; violates not-null constraint
DETAIL:  Failing row contains (12, bal, $2y$10$8QKQDZhEXSxVMYwUxXVNretT5lI7.0QUs/tOlRo25piOa/YF4/n8., 2024-12-19 04:50:48.4052, null). in C:\laragon\www\UPSI_SkillHub\system\Database\Postgre\Connection.php:204
Stack trace:
#0 [internal function]: CodeIgniter\Debug\Exceptions->errorHandler(2, 'pg_query(): Que...', 'C:\\laragon\\www\\...', 204)
#1 C:\laragon\www\UPSI_SkillHub\system\Database\Postgre\Connection.php(204): pg_query(Object(PgSql\Connection), 'INSERT INTO "us...')
#2 C:\laragon\www\UPSI_SkillHub\system\Database\BaseConnection.php(734): CodeIgniter\Database\Postgre\Connection->execute('INSERT INTO "us...')
#3 C:\laragon\www\UPSI_SkillHub\system\Database\BaseConnection.php(648): CodeIgniter\Database\BaseConnection->simpleQuery('INSERT INTO "us...')
#4 C:\laragon\www\UPSI_SkillHub\system\Database\BaseBuilder.php(2340): CodeIgniter\Database\BaseConnection->query('INSERT INTO "us...', Array, false)
#5 C:\laragon\www\UPSI_SkillHub\system\Model.php(394): CodeIgniter\Database\BaseBuilder->insert()
#6 C:\laragon\www\UPSI_SkillHub\system\BaseModel.php(840): CodeIgniter\Model->doInsert(Array)
#7 C:\laragon\www\UPSI_SkillHub\system\Model.php(802): CodeIgniter\BaseModel->insert(Array, true)
#8 C:\laragon\www\UPSI_SkillHub\app\Controllers\AuthController.php(100): CodeIgniter\Model->insert(Array)
#9 C:\laragon\www\UPSI_SkillHub\system\CodeIgniter.php(933): App\Controllers\AuthController->store()
#10 C:\laragon\www\UPSI_SkillHub\system\CodeIgniter.php(509): CodeIgniter\CodeIgniter->runController(Object(App\Controllers\AuthController))
#11 C:\laragon\www\UPSI_SkillHub\system\CodeIgniter.php(355): CodeIgniter\CodeIgniter->handleRequest(NULL, Object(Config\Cache), false)
#12 C:\laragon\www\UPSI_SkillHub\system\Boot.php(325): CodeIgniter\CodeIgniter->run()
#13 C:\laragon\www\UPSI_SkillHub\system\Boot.php(67): CodeIgniter\Boot::runCodeIgniter(Object(CodeIgniter\CodeIgniter))
#14 C:\laragon\www\UPSI_SkillHub\public\index.php(46): CodeIgniter\Boot::bootWeb(Object(Config\Paths))
#15 C:\laragon\www\UPSI_SkillHub\system\rewrite.php(44): require_once('C:\\laragon\\www\\...')
#16 {main}
ERROR - 2024-12-18 21:01:49 --> ErrorException: pg_query(): Query failed: ERROR:  null value in column &quot;student_id&quot; of relation &quot;users&quot; violates not-null constraint
DETAIL:  Failing row contains (13, kai, $2y$10$PFWwAChsDCIlbmiyad.TueND483nvmhHMPSNj0H6ymjwyida0CEGq, 2024-12-19 05:01:49.002558, null). in C:\laragon\www\UPSI_SkillHub\system\Database\Postgre\Connection.php:204
Stack trace:
#0 [internal function]: CodeIgniter\Debug\Exceptions->errorHandler(2, 'pg_query(): Que...', 'C:\\laragon\\www\\...', 204)
#1 C:\laragon\www\UPSI_SkillHub\system\Database\Postgre\Connection.php(204): pg_query(Object(PgSql\Connection), 'INSERT INTO "us...')
#2 C:\laragon\www\UPSI_SkillHub\system\Database\BaseConnection.php(734): CodeIgniter\Database\Postgre\Connection->execute('INSERT INTO "us...')
#3 C:\laragon\www\UPSI_SkillHub\system\Database\BaseConnection.php(648): CodeIgniter\Database\BaseConnection->simpleQuery('INSERT INTO "us...')
#4 C:\laragon\www\UPSI_SkillHub\system\Database\BaseBuilder.php(2340): CodeIgniter\Database\BaseConnection->query('INSERT INTO "us...', Array, false)
#5 C:\laragon\www\UPSI_SkillHub\system\Model.php(394): CodeIgniter\Database\BaseBuilder->insert()
#6 C:\laragon\www\UPSI_SkillHub\system\BaseModel.php(840): CodeIgniter\Model->doInsert(Array)
#7 C:\laragon\www\UPSI_SkillHub\system\Model.php(802): CodeIgniter\BaseModel->insert(Array, true)
#8 C:\laragon\www\UPSI_SkillHub\app\Controllers\AuthController.php(102): CodeIgniter\Model->insert(Array)
#9 C:\laragon\www\UPSI_SkillHub\system\CodeIgniter.php(933): App\Controllers\AuthController->store()
#10 C:\laragon\www\UPSI_SkillHub\system\CodeIgniter.php(509): CodeIgniter\CodeIgniter->runController(Object(App\Controllers\AuthController))
#11 C:\laragon\www\UPSI_SkillHub\system\CodeIgniter.php(355): CodeIgniter\CodeIgniter->handleRequest(NULL, Object(Config\Cache), false)
#12 C:\laragon\www\UPSI_SkillHub\system\Boot.php(325): CodeIgniter\CodeIgniter->run()
#13 C:\laragon\www\UPSI_SkillHub\system\Boot.php(67): CodeIgniter\Boot::runCodeIgniter(Object(CodeIgniter\CodeIgniter))
#14 C:\laragon\www\UPSI_SkillHub\public\index.php(46): CodeIgniter\Boot::bootWeb(Object(Config\Paths))
#15 C:\laragon\www\UPSI_SkillHub\system\rewrite.php(44): require_once('C:\\laragon\\www\\...')
#16 {main}
