CRITICAL - 2024-11-15 15:29:31 --> CodeIgniter\Session\Exceptions\SessionException: Session: Configured save path "C:\laragon\www\UPSI_SkillHub\writable\session" is not writable by the PHP process.
[Method: GET, Route: login]
in SYSTEMPATH\Session\Handlers\FileHandler.php on line 103.
 1 SYSTEMPATH\Session\Handlers\FileHandler.php(103): CodeIgniter\Session\Exceptions\SessionException::forWriteProtectedSavePath('C:\\laragon\\www\\UPSI_SkillHub\\writable\\session')
 2 [internal function]: CodeIgniter\Session\Handlers\FileHandler->open('C:\\laragon\\www\\UPSI_SkillHub\\writable\\session', 'ci_session')
 3 SYSTEMPATH\Session\Session.php(920): session_start()
 4 SYSTEMPATH\Session\Session.php(242): CodeIgniter\Session\Session->startSession()
 5 SYSTEMPATH\Config\Services.php(710): CodeIgniter\Session\Session->start()
 6 SYSTEMPATH\Config\BaseService.php(312): CodeIgniter\Config\Services::session(Object(Config\Session), false)
 7 SYSTEMPATH\Config\BaseService.php(251): CodeIgniter\Config\BaseService::__callStatic('session', [...])
 8 SYSTEMPATH\Config\Services.php(668): CodeIgniter\Config\BaseService::getSharedInstance('session', null)
 9 SYSTEMPATH\Config\BaseService.php(321): CodeIgniter\Config\Services::session()
10 SYSTEMPATH\Config\BaseService.php(202): CodeIgniter\Config\BaseService::__callStatic('session', [])
11 SYSTEMPATH\Common.php(998): CodeIgniter\Config\BaseService::get('session')
12 SYSTEMPATH\Common.php(971): service('session')
13 APPPATH\Views\auth\login.php(55): session()
14 SYSTEMPATH\View\View.php(234): include('C:\\laragon\\www\\UPSI_SkillHub\\app\\Views\\auth\\login.php')
15 SYSTEMPATH\View\View.php(237): CodeIgniter\View\View->CodeIgniter\View\{closure}()
16 SYSTEMPATH\Common.php(1171): CodeIgniter\View\View->render('auth/login', [], true)
17 APPPATH\Controllers\AuthController.php(14): view('auth/login')
18 SYSTEMPATH\CodeIgniter.php(933): App\Controllers\AuthController->index()
19 SYSTEMPATH\CodeIgniter.php(509): CodeIgniter\CodeIgniter->runController(Object(App\Controllers\AuthController))
20 SYSTEMPATH\CodeIgniter.php(355): CodeIgniter\CodeIgniter->handleRequest(null, Object(Config\Cache), false)
21 SYSTEMPATH\Boot.php(325): CodeIgniter\CodeIgniter->run()
22 SYSTEMPATH\Boot.php(67): CodeIgniter\Boot::runCodeIgniter(Object(CodeIgniter\CodeIgniter))
23 FCPATH\index.php(56): CodeIgniter\Boot::bootWeb(Object(Config\Paths))
CRITICAL - 2024-11-15 15:40:19 --> CodeIgniter\Session\Exceptions\SessionException: Session: Configured save path "C:\laragon\www\UPSI_SkillHub\writable\session" is not writable by the PHP process.
[Method: GET, Route: login]
in SYSTEMPATH\Session\Handlers\FileHandler.php on line 103.
 1 SYSTEMPATH\Session\Handlers\FileHandler.php(103): CodeIgniter\Session\Exceptions\SessionException::forWriteProtectedSavePath('C:\\laragon\\www\\UPSI_SkillHub\\writable\\session')
 2 [internal function]: CodeIgniter\Session\Handlers\FileHandler->open('C:\\laragon\\www\\UPSI_SkillHub\\writable\\session', 'ci_session')
 3 SYSTEMPATH\Session\Session.php(920): session_start()
 4 SYSTEMPATH\Session\Session.php(242): CodeIgniter\Session\Session->startSession()
 5 SYSTEMPATH\Config\Services.php(710): CodeIgniter\Session\Session->start()
 6 SYSTEMPATH\Config\BaseService.php(312): CodeIgniter\Config\Services::session(Object(Config\Session), false)
 7 SYSTEMPATH\Config\BaseService.php(251): CodeIgniter\Config\BaseService::__callStatic('session', [...])
 8 SYSTEMPATH\Config\Services.php(668): CodeIgniter\Config\BaseService::getSharedInstance('session', null)
 9 SYSTEMPATH\Config\BaseService.php(321): CodeIgniter\Config\Services::session()
10 SYSTEMPATH\Config\BaseService.php(202): CodeIgniter\Config\BaseService::__callStatic('session', [])
11 SYSTEMPATH\Common.php(998): CodeIgniter\Config\BaseService::get('session')
12 SYSTEMPATH\Common.php(971): service('session')
13 APPPATH\Views\auth\login.php(55): session()
14 SYSTEMPATH\View\View.php(234): include('C:\\laragon\\www\\UPSI_SkillHub\\app\\Views\\auth\\login.php')
15 SYSTEMPATH\View\View.php(237): CodeIgniter\View\View->CodeIgniter\View\{closure}()
16 SYSTEMPATH\Common.php(1171): CodeIgniter\View\View->render('auth/login', [], true)
17 APPPATH\Controllers\AuthController.php(14): view('auth/login')
18 SYSTEMPATH\CodeIgniter.php(933): App\Controllers\AuthController->index()
19 SYSTEMPATH\CodeIgniter.php(509): CodeIgniter\CodeIgniter->runController(Object(App\Controllers\AuthController))
20 SYSTEMPATH\CodeIgniter.php(355): CodeIgniter\CodeIgniter->handleRequest(null, Object(Config\Cache), false)
21 SYSTEMPATH\Boot.php(325): CodeIgniter\CodeIgniter->run()
22 SYSTEMPATH\Boot.php(67): CodeIgniter\Boot::runCodeIgniter(Object(CodeIgniter\CodeIgniter))
23 FCPATH\index.php(56): CodeIgniter\Boot::bootWeb(Object(Config\Paths))
CRITICAL - 2024-11-15 15:57:56 --> CodeIgniter\Session\Exceptions\SessionException: Session: Configured save path "C:\laragon\www\UPSI_SkillHub\writable\session" is not writable by the PHP process.
[Method: GET, Route: login]
in SYSTEMPATH\Session\Handlers\FileHandler.php on line 103.
 1 SYSTEMPATH\Session\Handlers\FileHandler.php(103): CodeIgniter\Session\Exceptions\SessionException::forWriteProtectedSavePath('C:\\laragon\\www\\UPSI_SkillHub\\writable\\session')
 2 [internal function]: CodeIgniter\Session\Handlers\FileHandler->open('C:\\laragon\\www\\UPSI_SkillHub\\writable\\session', 'ci_session')
 3 SYSTEMPATH\Session\Session.php(920): session_start()
 4 SYSTEMPATH\Session\Session.php(242): CodeIgniter\Session\Session->startSession()
 5 SYSTEMPATH\Config\Services.php(710): CodeIgniter\Session\Session->start()
 6 SYSTEMPATH\Config\BaseService.php(312): CodeIgniter\Config\Services::session(Object(Config\Session), false)
 7 SYSTEMPATH\Config\BaseService.php(251): CodeIgniter\Config\BaseService::__callStatic('session', [...])
 8 SYSTEMPATH\Config\Services.php(668): CodeIgniter\Config\BaseService::getSharedInstance('session', null)
 9 SYSTEMPATH\Config\BaseService.php(321): CodeIgniter\Config\Services::session()
10 SYSTEMPATH\Config\BaseService.php(202): CodeIgniter\Config\BaseService::__callStatic('session', [])
11 SYSTEMPATH\Common.php(998): CodeIgniter\Config\BaseService::get('session')
12 SYSTEMPATH\Common.php(971): service('session')
13 APPPATH\Views\auth\login.php(55): session()
14 SYSTEMPATH\View\View.php(234): include('C:\\laragon\\www\\UPSI_SkillHub\\app\\Views\\auth\\login.php')
15 SYSTEMPATH\View\View.php(237): CodeIgniter\View\View->CodeIgniter\View\{closure}()
16 SYSTEMPATH\Common.php(1171): CodeIgniter\View\View->render('auth/login', [], true)
17 APPPATH\Controllers\AuthController.php(14): view('auth/login')
18 SYSTEMPATH\CodeIgniter.php(933): App\Controllers\AuthController->index()
19 SYSTEMPATH\CodeIgniter.php(509): CodeIgniter\CodeIgniter->runController(Object(App\Controllers\AuthController))
20 SYSTEMPATH\CodeIgniter.php(355): CodeIgniter\CodeIgniter->handleRequest(null, Object(Config\Cache), false)
21 SYSTEMPATH\Boot.php(325): CodeIgniter\CodeIgniter->run()
22 SYSTEMPATH\Boot.php(67): CodeIgniter\Boot::runCodeIgniter(Object(CodeIgniter\CodeIgniter))
23 FCPATH\index.php(56): CodeIgniter\Boot::bootWeb(Object(Config\Paths))
CRITICAL - 2024-11-15 16:26:22 --> CodeIgniter\Session\Exceptions\SessionException: Session: Configured save path "C:\laragon\www\UPSI_SkillHub\writable\session" is not writable by the PHP process.
[Method: GET, Route: login]
in SYSTEMPATH\Session\Handlers\FileHandler.php on line 103.
 1 SYSTEMPATH\Session\Handlers\FileHandler.php(103): CodeIgniter\Session\Exceptions\SessionException::forWriteProtectedSavePath('C:\\laragon\\www\\UPSI_SkillHub\\writable\\session')
 2 [internal function]: CodeIgniter\Session\Handlers\FileHandler->open('C:\\laragon\\www\\UPSI_SkillHub\\writable\\session', 'ci_session')
 3 SYSTEMPATH\Session\Session.php(920): session_start()
 4 SYSTEMPATH\Session\Session.php(242): CodeIgniter\Session\Session->startSession()
 5 SYSTEMPATH\Config\Services.php(710): CodeIgniter\Session\Session->start()
 6 SYSTEMPATH\Config\BaseService.php(312): CodeIgniter\Config\Services::session(Object(Config\Session), false)
 7 SYSTEMPATH\Config\BaseService.php(251): CodeIgniter\Config\BaseService::__callStatic('session', [...])
 8 SYSTEMPATH\Config\Services.php(668): CodeIgniter\Config\BaseService::getSharedInstance('session', null)
 9 SYSTEMPATH\Config\BaseService.php(321): CodeIgniter\Config\Services::session()
10 SYSTEMPATH\Config\BaseService.php(202): CodeIgniter\Config\BaseService::__callStatic('session', [])
11 SYSTEMPATH\Common.php(998): CodeIgniter\Config\BaseService::get('session')
12 SYSTEMPATH\Common.php(971): service('session')
13 APPPATH\Views\auth\login.php(55): session()
14 SYSTEMPATH\View\View.php(234): include('C:\\laragon\\www\\UPSI_SkillHub\\app\\Views\\auth\\login.php')
15 SYSTEMPATH\View\View.php(237): CodeIgniter\View\View->CodeIgniter\View\{closure}()
16 SYSTEMPATH\Common.php(1171): CodeIgniter\View\View->render('auth/login', [], true)
17 APPPATH\Controllers\AuthController.php(14): view('auth/login')
18 SYSTEMPATH\CodeIgniter.php(933): App\Controllers\AuthController->index()
19 SYSTEMPATH\CodeIgniter.php(509): CodeIgniter\CodeIgniter->runController(Object(App\Controllers\AuthController))
20 SYSTEMPATH\CodeIgniter.php(355): CodeIgniter\CodeIgniter->handleRequest(null, Object(Config\Cache), false)
21 SYSTEMPATH\Boot.php(325): CodeIgniter\CodeIgniter->run()
22 SYSTEMPATH\Boot.php(67): CodeIgniter\Boot::runCodeIgniter(Object(CodeIgniter\CodeIgniter))
23 FCPATH\index.php(56): CodeIgniter\Boot::bootWeb(Object(Config\Paths))
CRITICAL - 2024-11-15 17:21:23 --> CodeIgniter\Session\Exceptions\SessionException: Session: Configured save path "C:\laragon\www\UPSI_SkillHub\writable\session" is not writable by the PHP process.
[Method: GET, Route: login]
in SYSTEMPATH\Session\Handlers\FileHandler.php on line 103.
 1 SYSTEMPATH\Session\Handlers\FileHandler.php(103): CodeIgniter\Session\Exceptions\SessionException::forWriteProtectedSavePath('C:\\laragon\\www\\UPSI_SkillHub\\writable\\session')
 2 [internal function]: CodeIgniter\Session\Handlers\FileHandler->open('C:\\laragon\\www\\UPSI_SkillHub\\writable\\session', 'ci_session')
 3 SYSTEMPATH\Session\Session.php(920): session_start()
 4 SYSTEMPATH\Session\Session.php(242): CodeIgniter\Session\Session->startSession()
 5 SYSTEMPATH\Config\Services.php(710): CodeIgniter\Session\Session->start()
 6 SYSTEMPATH\Config\BaseService.php(312): CodeIgniter\Config\Services::session(Object(Config\Session), false)
 7 SYSTEMPATH\Config\BaseService.php(251): CodeIgniter\Config\BaseService::__callStatic('session', [...])
 8 SYSTEMPATH\Config\Services.php(668): CodeIgniter\Config\BaseService::getSharedInstance('session', null)
 9 SYSTEMPATH\Config\BaseService.php(321): CodeIgniter\Config\Services::session()
10 SYSTEMPATH\Config\BaseService.php(202): CodeIgniter\Config\BaseService::__callStatic('session', [])
11 SYSTEMPATH\Common.php(998): CodeIgniter\Config\BaseService::get('session')
12 SYSTEMPATH\Common.php(971): service('session')
13 APPPATH\Views\auth\login.php(13): session()
14 SYSTEMPATH\View\View.php(234): include('C:\\laragon\\www\\UPSI_SkillHub\\app\\Views\\auth\\login.php')
15 SYSTEMPATH\View\View.php(237): CodeIgniter\View\View->CodeIgniter\View\{closure}()
16 SYSTEMPATH\Common.php(1171): CodeIgniter\View\View->render('auth/login', [], true)
17 APPPATH\Controllers\AuthController.php(14): view('auth/login')
18 SYSTEMPATH\CodeIgniter.php(933): App\Controllers\AuthController->index()
19 SYSTEMPATH\CodeIgniter.php(509): CodeIgniter\CodeIgniter->runController(Object(App\Controllers\AuthController))
20 SYSTEMPATH\CodeIgniter.php(355): CodeIgniter\CodeIgniter->handleRequest(null, Object(Config\Cache), false)
21 SYSTEMPATH\Boot.php(325): CodeIgniter\CodeIgniter->run()
22 SYSTEMPATH\Boot.php(67): CodeIgniter\Boot::runCodeIgniter(Object(CodeIgniter\CodeIgniter))
23 FCPATH\index.php(56): CodeIgniter\Boot::bootWeb(Object(Config\Paths))
CRITICAL - 2024-11-15 17:21:23 --> CodeIgniter\Session\Exceptions\SessionException: Session: Configured save path "C:\laragon\www\UPSI_SkillHub\writable\session" is not writable by the PHP process.
[Method: GET, Route: login]
in SYSTEMPATH\Session\Handlers\FileHandler.php on line 103.
 1 SYSTEMPATH\Session\Handlers\FileHandler.php(103): CodeIgniter\Session\Exceptions\SessionException::forWriteProtectedSavePath('C:\\laragon\\www\\UPSI_SkillHub\\writable\\session')
 2 [internal function]: CodeIgniter\Session\Handlers\FileHandler->open('C:\\laragon\\www\\UPSI_SkillHub\\writable\\session', 'ci_session')
 3 SYSTEMPATH\Session\Session.php(920): session_start()
 4 SYSTEMPATH\Session\Session.php(242): CodeIgniter\Session\Session->startSession()
 5 SYSTEMPATH\Config\Services.php(710): CodeIgniter\Session\Session->start()
 6 SYSTEMPATH\Config\BaseService.php(312): CodeIgniter\Config\Services::session(Object(Config\Session), false)
 7 SYSTEMPATH\Config\BaseService.php(251): CodeIgniter\Config\BaseService::__callStatic('session', [...])
 8 SYSTEMPATH\Config\Services.php(668): CodeIgniter\Config\BaseService::getSharedInstance('session', null)
 9 SYSTEMPATH\Config\BaseService.php(321): CodeIgniter\Config\Services::session()
10 SYSTEMPATH\Config\BaseService.php(202): CodeIgniter\Config\BaseService::__callStatic('session', [])
11 SYSTEMPATH\Common.php(998): CodeIgniter\Config\BaseService::get('session')
12 SYSTEMPATH\Common.php(971): service('session')
13 APPPATH\Views\auth\login.php(13): session()
14 SYSTEMPATH\View\View.php(234): include('C:\\laragon\\www\\UPSI_SkillHub\\app\\Views\\auth\\login.php')
15 SYSTEMPATH\View\View.php(237): CodeIgniter\View\View->CodeIgniter\View\{closure}()
16 SYSTEMPATH\Common.php(1171): CodeIgniter\View\View->render('auth/login', [], true)
17 APPPATH\Controllers\AuthController.php(14): view('auth/login')
18 SYSTEMPATH\CodeIgniter.php(933): App\Controllers\AuthController->index()
19 SYSTEMPATH\CodeIgniter.php(509): CodeIgniter\CodeIgniter->runController(Object(App\Controllers\AuthController))
20 SYSTEMPATH\CodeIgniter.php(355): CodeIgniter\CodeIgniter->handleRequest(null, Object(Config\Cache), false)
21 SYSTEMPATH\Boot.php(325): CodeIgniter\CodeIgniter->run()
22 SYSTEMPATH\Boot.php(67): CodeIgniter\Boot::runCodeIgniter(Object(CodeIgniter\CodeIgniter))
23 FCPATH\index.php(56): CodeIgniter\Boot::bootWeb(Object(Config\Paths))
CRITICAL - 2024-11-15 17:39:11 --> CodeIgniter\Session\Exceptions\SessionException: Session: Configured save path "C:\laragon\www\UPSI_SkillHub\writable\session" is not writable by the PHP process.
[Method: GET, Route: login]
in SYSTEMPATH\Session\Handlers\FileHandler.php on line 103.
 1 SYSTEMPATH\Session\Handlers\FileHandler.php(103): CodeIgniter\Session\Exceptions\SessionException::forWriteProtectedSavePath('C:\\laragon\\www\\UPSI_SkillHub\\writable\\session')
 2 [internal function]: CodeIgniter\Session\Handlers\FileHandler->open('C:\\laragon\\www\\UPSI_SkillHub\\writable\\session', 'ci_session')
 3 SYSTEMPATH\Session\Session.php(920): session_start()
 4 SYSTEMPATH\Session\Session.php(242): CodeIgniter\Session\Session->startSession()
 5 SYSTEMPATH\Config\Services.php(710): CodeIgniter\Session\Session->start()
 6 SYSTEMPATH\Config\BaseService.php(312): CodeIgniter\Config\Services::session(Object(Config\Session), false)
 7 SYSTEMPATH\Config\BaseService.php(251): CodeIgniter\Config\BaseService::__callStatic('session', [...])
 8 SYSTEMPATH\Config\Services.php(668): CodeIgniter\Config\BaseService::getSharedInstance('session', null)
 9 SYSTEMPATH\Config\BaseService.php(321): CodeIgniter\Config\Services::session()
10 SYSTEMPATH\Config\BaseService.php(202): CodeIgniter\Config\BaseService::__callStatic('session', [])
11 SYSTEMPATH\Common.php(998): CodeIgniter\Config\BaseService::get('session')
12 SYSTEMPATH\Common.php(971): service('session')
13 APPPATH\Views\auth\login.php(12): session()
14 SYSTEMPATH\View\View.php(234): include('C:\\laragon\\www\\UPSI_SkillHub\\app\\Views\\auth\\login.php')
15 SYSTEMPATH\View\View.php(237): CodeIgniter\View\View->CodeIgniter\View\{closure}()
16 SYSTEMPATH\Common.php(1171): CodeIgniter\View\View->render('auth/login', [], true)
17 APPPATH\Controllers\AuthController.php(12): view('auth/login')
18 SYSTEMPATH\CodeIgniter.php(933): App\Controllers\AuthController->index()
19 SYSTEMPATH\CodeIgniter.php(509): CodeIgniter\CodeIgniter->runController(Object(App\Controllers\AuthController))
20 SYSTEMPATH\CodeIgniter.php(355): CodeIgniter\CodeIgniter->handleRequest(null, Object(Config\Cache), false)
21 SYSTEMPATH\Boot.php(325): CodeIgniter\CodeIgniter->run()
22 SYSTEMPATH\Boot.php(67): CodeIgniter\Boot::runCodeIgniter(Object(CodeIgniter\CodeIgniter))
23 FCPATH\index.php(56): CodeIgniter\Boot::bootWeb(Object(Config\Paths))
CRITICAL - 2024-11-15 17:39:12 --> CodeIgniter\Session\Exceptions\SessionException: Session: Configured save path "C:\laragon\www\UPSI_SkillHub\writable\session" is not writable by the PHP process.
[Method: GET, Route: login]
in SYSTEMPATH\Session\Handlers\FileHandler.php on line 103.
 1 SYSTEMPATH\Session\Handlers\FileHandler.php(103): CodeIgniter\Session\Exceptions\SessionException::forWriteProtectedSavePath('C:\\laragon\\www\\UPSI_SkillHub\\writable\\session')
 2 [internal function]: CodeIgniter\Session\Handlers\FileHandler->open('C:\\laragon\\www\\UPSI_SkillHub\\writable\\session', 'ci_session')
 3 SYSTEMPATH\Session\Session.php(920): session_start()
 4 SYSTEMPATH\Session\Session.php(242): CodeIgniter\Session\Session->startSession()
 5 SYSTEMPATH\Config\Services.php(710): CodeIgniter\Session\Session->start()
 6 SYSTEMPATH\Config\BaseService.php(312): CodeIgniter\Config\Services::session(Object(Config\Session), false)
 7 SYSTEMPATH\Config\BaseService.php(251): CodeIgniter\Config\BaseService::__callStatic('session', [...])
 8 SYSTEMPATH\Config\Services.php(668): CodeIgniter\Config\BaseService::getSharedInstance('session', null)
 9 SYSTEMPATH\Config\BaseService.php(321): CodeIgniter\Config\Services::session()
10 SYSTEMPATH\Config\BaseService.php(202): CodeIgniter\Config\BaseService::__callStatic('session', [])
11 SYSTEMPATH\Common.php(998): CodeIgniter\Config\BaseService::get('session')
12 SYSTEMPATH\Common.php(971): service('session')
13 APPPATH\Views\auth\login.php(12): session()
14 SYSTEMPATH\View\View.php(234): include('C:\\laragon\\www\\UPSI_SkillHub\\app\\Views\\auth\\login.php')
15 SYSTEMPATH\View\View.php(237): CodeIgniter\View\View->CodeIgniter\View\{closure}()
16 SYSTEMPATH\Common.php(1171): CodeIgniter\View\View->render('auth/login', [], true)
17 APPPATH\Controllers\AuthController.php(12): view('auth/login')
18 SYSTEMPATH\CodeIgniter.php(933): App\Controllers\AuthController->index()
19 SYSTEMPATH\CodeIgniter.php(509): CodeIgniter\CodeIgniter->runController(Object(App\Controllers\AuthController))
20 SYSTEMPATH\CodeIgniter.php(355): CodeIgniter\CodeIgniter->handleRequest(null, Object(Config\Cache), false)
21 SYSTEMPATH\Boot.php(325): CodeIgniter\CodeIgniter->run()
22 SYSTEMPATH\Boot.php(67): CodeIgniter\Boot::runCodeIgniter(Object(CodeIgniter\CodeIgniter))
23 FCPATH\index.php(56): CodeIgniter\Boot::bootWeb(Object(Config\Paths))
CRITICAL - 2024-11-15 17:50:24 --> CodeIgniter\Session\Exceptions\SessionException: Session: Configured save path "C:\laragon\www\UPSI_SkillHub\writable\session" is not writable by the PHP process.
[Method: GET, Route: login]
in SYSTEMPATH\Session\Handlers\FileHandler.php on line 103.
 1 SYSTEMPATH\Session\Handlers\FileHandler.php(103): CodeIgniter\Session\Exceptions\SessionException::forWriteProtectedSavePath('C:\\laragon\\www\\UPSI_SkillHub\\writable\\session')
 2 [internal function]: CodeIgniter\Session\Handlers\FileHandler->open('C:\\laragon\\www\\UPSI_SkillHub\\writable\\session', 'ci_session')
 3 SYSTEMPATH\Session\Session.php(920): session_start()
 4 SYSTEMPATH\Session\Session.php(242): CodeIgniter\Session\Session->startSession()
 5 SYSTEMPATH\Config\Services.php(710): CodeIgniter\Session\Session->start()
 6 SYSTEMPATH\Config\BaseService.php(312): CodeIgniter\Config\Services::session(Object(Config\Session), false)
 7 SYSTEMPATH\Config\BaseService.php(251): CodeIgniter\Config\BaseService::__callStatic('session', [...])
 8 SYSTEMPATH\Config\Services.php(668): CodeIgniter\Config\BaseService::getSharedInstance('session', null)
 9 SYSTEMPATH\Config\BaseService.php(321): CodeIgniter\Config\Services::session()
10 SYSTEMPATH\Config\BaseService.php(202): CodeIgniter\Config\BaseService::__callStatic('session', [])
11 SYSTEMPATH\Common.php(998): CodeIgniter\Config\BaseService::get('session')
12 SYSTEMPATH\Common.php(971): service('session')
13 APPPATH\Views\auth\login.php(12): session()
14 SYSTEMPATH\View\View.php(234): include('C:\\laragon\\www\\UPSI_SkillHub\\app\\Views\\auth\\login.php')
15 SYSTEMPATH\View\View.php(237): CodeIgniter\View\View->CodeIgniter\View\{closure}()
16 SYSTEMPATH\Common.php(1171): CodeIgniter\View\View->render('auth/login', [], true)
17 APPPATH\Controllers\AuthController.php(12): view('auth/login')
18 SYSTEMPATH\CodeIgniter.php(933): App\Controllers\AuthController->index()
19 SYSTEMPATH\CodeIgniter.php(509): CodeIgniter\CodeIgniter->runController(Object(App\Controllers\AuthController))
20 SYSTEMPATH\CodeIgniter.php(355): CodeIgniter\CodeIgniter->handleRequest(null, Object(Config\Cache), false)
21 SYSTEMPATH\Boot.php(325): CodeIgniter\CodeIgniter->run()
22 SYSTEMPATH\Boot.php(67): CodeIgniter\Boot::runCodeIgniter(Object(CodeIgniter\CodeIgniter))
23 FCPATH\index.php(56): CodeIgniter\Boot::bootWeb(Object(Config\Paths))
CRITICAL - 2024-11-15 17:50:25 --> CodeIgniter\Session\Exceptions\SessionException: Session: Configured save path "C:\laragon\www\UPSI_SkillHub\writable\session" is not writable by the PHP process.
[Method: GET, Route: login]
in SYSTEMPATH\Session\Handlers\FileHandler.php on line 103.
 1 SYSTEMPATH\Session\Handlers\FileHandler.php(103): CodeIgniter\Session\Exceptions\SessionException::forWriteProtectedSavePath('C:\\laragon\\www\\UPSI_SkillHub\\writable\\session')
 2 [internal function]: CodeIgniter\Session\Handlers\FileHandler->open('C:\\laragon\\www\\UPSI_SkillHub\\writable\\session', 'ci_session')
 3 SYSTEMPATH\Session\Session.php(920): session_start()
 4 SYSTEMPATH\Session\Session.php(242): CodeIgniter\Session\Session->startSession()
 5 SYSTEMPATH\Config\Services.php(710): CodeIgniter\Session\Session->start()
 6 SYSTEMPATH\Config\BaseService.php(312): CodeIgniter\Config\Services::session(Object(Config\Session), false)
 7 SYSTEMPATH\Config\BaseService.php(251): CodeIgniter\Config\BaseService::__callStatic('session', [...])
 8 SYSTEMPATH\Config\Services.php(668): CodeIgniter\Config\BaseService::getSharedInstance('session', null)
 9 SYSTEMPATH\Config\BaseService.php(321): CodeIgniter\Config\Services::session()
10 SYSTEMPATH\Config\BaseService.php(202): CodeIgniter\Config\BaseService::__callStatic('session', [])
11 SYSTEMPATH\Common.php(998): CodeIgniter\Config\BaseService::get('session')
12 SYSTEMPATH\Common.php(971): service('session')
13 APPPATH\Views\auth\login.php(12): session()
14 SYSTEMPATH\View\View.php(234): include('C:\\laragon\\www\\UPSI_SkillHub\\app\\Views\\auth\\login.php')
15 SYSTEMPATH\View\View.php(237): CodeIgniter\View\View->CodeIgniter\View\{closure}()
16 SYSTEMPATH\Common.php(1171): CodeIgniter\View\View->render('auth/login', [], true)
17 APPPATH\Controllers\AuthController.php(12): view('auth/login')
18 SYSTEMPATH\CodeIgniter.php(933): App\Controllers\AuthController->index()
19 SYSTEMPATH\CodeIgniter.php(509): CodeIgniter\CodeIgniter->runController(Object(App\Controllers\AuthController))
20 SYSTEMPATH\CodeIgniter.php(355): CodeIgniter\CodeIgniter->handleRequest(null, Object(Config\Cache), false)
21 SYSTEMPATH\Boot.php(325): CodeIgniter\CodeIgniter->run()
22 SYSTEMPATH\Boot.php(67): CodeIgniter\Boot::runCodeIgniter(Object(CodeIgniter\CodeIgniter))
23 FCPATH\index.php(56): CodeIgniter\Boot::bootWeb(Object(Config\Paths))
CRITICAL - 2024-11-15 17:50:25 --> CodeIgniter\Session\Exceptions\SessionException: Session: Configured save path "C:\laragon\www\UPSI_SkillHub\writable\session" is not writable by the PHP process.
[Method: GET, Route: login]
in SYSTEMPATH\Session\Handlers\FileHandler.php on line 103.
 1 SYSTEMPATH\Session\Handlers\FileHandler.php(103): CodeIgniter\Session\Exceptions\SessionException::forWriteProtectedSavePath('C:\\laragon\\www\\UPSI_SkillHub\\writable\\session')
 2 [internal function]: CodeIgniter\Session\Handlers\FileHandler->open('C:\\laragon\\www\\UPSI_SkillHub\\writable\\session', 'ci_session')
 3 SYSTEMPATH\Session\Session.php(920): session_start()
 4 SYSTEMPATH\Session\Session.php(242): CodeIgniter\Session\Session->startSession()
 5 SYSTEMPATH\Config\Services.php(710): CodeIgniter\Session\Session->start()
 6 SYSTEMPATH\Config\BaseService.php(312): CodeIgniter\Config\Services::session(Object(Config\Session), false)
 7 SYSTEMPATH\Config\BaseService.php(251): CodeIgniter\Config\BaseService::__callStatic('session', [...])
 8 SYSTEMPATH\Config\Services.php(668): CodeIgniter\Config\BaseService::getSharedInstance('session', null)
 9 SYSTEMPATH\Config\BaseService.php(321): CodeIgniter\Config\Services::session()
10 SYSTEMPATH\Config\BaseService.php(202): CodeIgniter\Config\BaseService::__callStatic('session', [])
11 SYSTEMPATH\Common.php(998): CodeIgniter\Config\BaseService::get('session')
12 SYSTEMPATH\Common.php(971): service('session')
13 APPPATH\Views\auth\login.php(12): session()
14 SYSTEMPATH\View\View.php(234): include('C:\\laragon\\www\\UPSI_SkillHub\\app\\Views\\auth\\login.php')
15 SYSTEMPATH\View\View.php(237): CodeIgniter\View\View->CodeIgniter\View\{closure}()
16 SYSTEMPATH\Common.php(1171): CodeIgniter\View\View->render('auth/login', [], true)
17 APPPATH\Controllers\AuthController.php(12): view('auth/login')
18 SYSTEMPATH\CodeIgniter.php(933): App\Controllers\AuthController->index()
19 SYSTEMPATH\CodeIgniter.php(509): CodeIgniter\CodeIgniter->runController(Object(App\Controllers\AuthController))
20 SYSTEMPATH\CodeIgniter.php(355): CodeIgniter\CodeIgniter->handleRequest(null, Object(Config\Cache), false)
21 SYSTEMPATH\Boot.php(325): CodeIgniter\CodeIgniter->run()
22 SYSTEMPATH\Boot.php(67): CodeIgniter\Boot::runCodeIgniter(Object(CodeIgniter\CodeIgniter))
23 FCPATH\index.php(56): CodeIgniter\Boot::bootWeb(Object(Config\Paths))
CRITICAL - 2024-11-15 17:50:25 --> CodeIgniter\Session\Exceptions\SessionException: Session: Configured save path "C:\laragon\www\UPSI_SkillHub\writable\session" is not writable by the PHP process.
[Method: GET, Route: login]
in SYSTEMPATH\Session\Handlers\FileHandler.php on line 103.
 1 SYSTEMPATH\Session\Handlers\FileHandler.php(103): CodeIgniter\Session\Exceptions\SessionException::forWriteProtectedSavePath('C:\\laragon\\www\\UPSI_SkillHub\\writable\\session')
 2 [internal function]: CodeIgniter\Session\Handlers\FileHandler->open('C:\\laragon\\www\\UPSI_SkillHub\\writable\\session', 'ci_session')
 3 SYSTEMPATH\Session\Session.php(920): session_start()
 4 SYSTEMPATH\Session\Session.php(242): CodeIgniter\Session\Session->startSession()
 5 SYSTEMPATH\Config\Services.php(710): CodeIgniter\Session\Session->start()
 6 SYSTEMPATH\Config\BaseService.php(312): CodeIgniter\Config\Services::session(Object(Config\Session), false)
 7 SYSTEMPATH\Config\BaseService.php(251): CodeIgniter\Config\BaseService::__callStatic('session', [...])
 8 SYSTEMPATH\Config\Services.php(668): CodeIgniter\Config\BaseService::getSharedInstance('session', null)
 9 SYSTEMPATH\Config\BaseService.php(321): CodeIgniter\Config\Services::session()
10 SYSTEMPATH\Config\BaseService.php(202): CodeIgniter\Config\BaseService::__callStatic('session', [])
11 SYSTEMPATH\Common.php(998): CodeIgniter\Config\BaseService::get('session')
12 SYSTEMPATH\Common.php(971): service('session')
13 APPPATH\Views\auth\login.php(12): session()
14 SYSTEMPATH\View\View.php(234): include('C:\\laragon\\www\\UPSI_SkillHub\\app\\Views\\auth\\login.php')
15 SYSTEMPATH\View\View.php(237): CodeIgniter\View\View->CodeIgniter\View\{closure}()
16 SYSTEMPATH\Common.php(1171): CodeIgniter\View\View->render('auth/login', [], true)
17 APPPATH\Controllers\AuthController.php(12): view('auth/login')
18 SYSTEMPATH\CodeIgniter.php(933): App\Controllers\AuthController->index()
19 SYSTEMPATH\CodeIgniter.php(509): CodeIgniter\CodeIgniter->runController(Object(App\Controllers\AuthController))
20 SYSTEMPATH\CodeIgniter.php(355): CodeIgniter\CodeIgniter->handleRequest(null, Object(Config\Cache), false)
21 SYSTEMPATH\Boot.php(325): CodeIgniter\CodeIgniter->run()
22 SYSTEMPATH\Boot.php(67): CodeIgniter\Boot::runCodeIgniter(Object(CodeIgniter\CodeIgniter))
23 FCPATH\index.php(56): CodeIgniter\Boot::bootWeb(Object(Config\Paths))
CRITICAL - 2024-11-15 17:50:25 --> CodeIgniter\Session\Exceptions\SessionException: Session: Configured save path "C:\laragon\www\UPSI_SkillHub\writable\session" is not writable by the PHP process.
[Method: GET, Route: login]
in SYSTEMPATH\Session\Handlers\FileHandler.php on line 103.
 1 SYSTEMPATH\Session\Handlers\FileHandler.php(103): CodeIgniter\Session\Exceptions\SessionException::forWriteProtectedSavePath('C:\\laragon\\www\\UPSI_SkillHub\\writable\\session')
 2 [internal function]: CodeIgniter\Session\Handlers\FileHandler->open('C:\\laragon\\www\\UPSI_SkillHub\\writable\\session', 'ci_session')
 3 SYSTEMPATH\Session\Session.php(920): session_start()
 4 SYSTEMPATH\Session\Session.php(242): CodeIgniter\Session\Session->startSession()
 5 SYSTEMPATH\Config\Services.php(710): CodeIgniter\Session\Session->start()
 6 SYSTEMPATH\Config\BaseService.php(312): CodeIgniter\Config\Services::session(Object(Config\Session), false)
 7 SYSTEMPATH\Config\BaseService.php(251): CodeIgniter\Config\BaseService::__callStatic('session', [...])
 8 SYSTEMPATH\Config\Services.php(668): CodeIgniter\Config\BaseService::getSharedInstance('session', null)
 9 SYSTEMPATH\Config\BaseService.php(321): CodeIgniter\Config\Services::session()
10 SYSTEMPATH\Config\BaseService.php(202): CodeIgniter\Config\BaseService::__callStatic('session', [])
11 SYSTEMPATH\Common.php(998): CodeIgniter\Config\BaseService::get('session')
12 SYSTEMPATH\Common.php(971): service('session')
13 APPPATH\Views\auth\login.php(12): session()
14 SYSTEMPATH\View\View.php(234): include('C:\\laragon\\www\\UPSI_SkillHub\\app\\Views\\auth\\login.php')
15 SYSTEMPATH\View\View.php(237): CodeIgniter\View\View->CodeIgniter\View\{closure}()
16 SYSTEMPATH\Common.php(1171): CodeIgniter\View\View->render('auth/login', [], true)
17 APPPATH\Controllers\AuthController.php(12): view('auth/login')
18 SYSTEMPATH\CodeIgniter.php(933): App\Controllers\AuthController->index()
19 SYSTEMPATH\CodeIgniter.php(509): CodeIgniter\CodeIgniter->runController(Object(App\Controllers\AuthController))
20 SYSTEMPATH\CodeIgniter.php(355): CodeIgniter\CodeIgniter->handleRequest(null, Object(Config\Cache), false)
21 SYSTEMPATH\Boot.php(325): CodeIgniter\CodeIgniter->run()
22 SYSTEMPATH\Boot.php(67): CodeIgniter\Boot::runCodeIgniter(Object(CodeIgniter\CodeIgniter))
23 FCPATH\index.php(56): CodeIgniter\Boot::bootWeb(Object(Config\Paths))
CRITICAL - 2024-11-15 17:57:33 --> CodeIgniter\Session\Exceptions\SessionException: Session: Configured save path "C:\laragon\www\UPSI_SkillHub\writable\session" is not writable by the PHP process.
[Method: GET, Route: login]
in SYSTEMPATH\Session\Handlers\FileHandler.php on line 103.
 1 SYSTEMPATH\Session\Handlers\FileHandler.php(103): CodeIgniter\Session\Exceptions\SessionException::forWriteProtectedSavePath('C:\\laragon\\www\\UPSI_SkillHub\\writable\\session')
 2 [internal function]: CodeIgniter\Session\Handlers\FileHandler->open('C:\\laragon\\www\\UPSI_SkillHub\\writable\\session', 'ci_session')
 3 SYSTEMPATH\Session\Session.php(920): session_start()
 4 SYSTEMPATH\Session\Session.php(242): CodeIgniter\Session\Session->startSession()
 5 SYSTEMPATH\Config\Services.php(710): CodeIgniter\Session\Session->start()
 6 SYSTEMPATH\Config\BaseService.php(312): CodeIgniter\Config\Services::session(Object(Config\Session), false)
 7 SYSTEMPATH\Config\BaseService.php(251): CodeIgniter\Config\BaseService::__callStatic('session', [...])
 8 SYSTEMPATH\Config\Services.php(668): CodeIgniter\Config\BaseService::getSharedInstance('session', null)
 9 SYSTEMPATH\Config\BaseService.php(321): CodeIgniter\Config\Services::session()
10 SYSTEMPATH\Config\BaseService.php(202): CodeIgniter\Config\BaseService::__callStatic('session', [])
11 SYSTEMPATH\Common.php(998): CodeIgniter\Config\BaseService::get('session')
12 SYSTEMPATH\Common.php(971): service('session')
13 APPPATH\Views\auth\login.php(12): session()
14 SYSTEMPATH\View\View.php(234): include('C:\\laragon\\www\\UPSI_SkillHub\\app\\Views\\auth\\login.php')
15 SYSTEMPATH\View\View.php(237): CodeIgniter\View\View->CodeIgniter\View\{closure}()
16 SYSTEMPATH\Common.php(1171): CodeIgniter\View\View->render('auth/login', [], true)
17 APPPATH\Controllers\AuthController.php(12): view('auth/login')
18 SYSTEMPATH\CodeIgniter.php(933): App\Controllers\AuthController->index()
19 SYSTEMPATH\CodeIgniter.php(509): CodeIgniter\CodeIgniter->runController(Object(App\Controllers\AuthController))
20 SYSTEMPATH\CodeIgniter.php(355): CodeIgniter\CodeIgniter->handleRequest(null, Object(Config\Cache), false)
21 SYSTEMPATH\Boot.php(325): CodeIgniter\CodeIgniter->run()
22 SYSTEMPATH\Boot.php(67): CodeIgniter\Boot::runCodeIgniter(Object(CodeIgniter\CodeIgniter))
23 FCPATH\index.php(56): CodeIgniter\Boot::bootWeb(Object(Config\Paths))
CRITICAL - 2024-11-15 17:57:34 --> CodeIgniter\Session\Exceptions\SessionException: Session: Configured save path "C:\laragon\www\UPSI_SkillHub\writable\session" is not writable by the PHP process.
[Method: GET, Route: login]
in SYSTEMPATH\Session\Handlers\FileHandler.php on line 103.
 1 SYSTEMPATH\Session\Handlers\FileHandler.php(103): CodeIgniter\Session\Exceptions\SessionException::forWriteProtectedSavePath('C:\\laragon\\www\\UPSI_SkillHub\\writable\\session')
 2 [internal function]: CodeIgniter\Session\Handlers\FileHandler->open('C:\\laragon\\www\\UPSI_SkillHub\\writable\\session', 'ci_session')
 3 SYSTEMPATH\Session\Session.php(920): session_start()
 4 SYSTEMPATH\Session\Session.php(242): CodeIgniter\Session\Session->startSession()
 5 SYSTEMPATH\Config\Services.php(710): CodeIgniter\Session\Session->start()
 6 SYSTEMPATH\Config\BaseService.php(312): CodeIgniter\Config\Services::session(Object(Config\Session), false)
 7 SYSTEMPATH\Config\BaseService.php(251): CodeIgniter\Config\BaseService::__callStatic('session', [...])
 8 SYSTEMPATH\Config\Services.php(668): CodeIgniter\Config\BaseService::getSharedInstance('session', null)
 9 SYSTEMPATH\Config\BaseService.php(321): CodeIgniter\Config\Services::session()
10 SYSTEMPATH\Config\BaseService.php(202): CodeIgniter\Config\BaseService::__callStatic('session', [])
11 SYSTEMPATH\Common.php(998): CodeIgniter\Config\BaseService::get('session')
12 SYSTEMPATH\Common.php(971): service('session')
13 APPPATH\Views\auth\login.php(12): session()
14 SYSTEMPATH\View\View.php(234): include('C:\\laragon\\www\\UPSI_SkillHub\\app\\Views\\auth\\login.php')
15 SYSTEMPATH\View\View.php(237): CodeIgniter\View\View->CodeIgniter\View\{closure}()
16 SYSTEMPATH\Common.php(1171): CodeIgniter\View\View->render('auth/login', [], true)
17 APPPATH\Controllers\AuthController.php(12): view('auth/login')
18 SYSTEMPATH\CodeIgniter.php(933): App\Controllers\AuthController->index()
19 SYSTEMPATH\CodeIgniter.php(509): CodeIgniter\CodeIgniter->runController(Object(App\Controllers\AuthController))
20 SYSTEMPATH\CodeIgniter.php(355): CodeIgniter\CodeIgniter->handleRequest(null, Object(Config\Cache), false)
21 SYSTEMPATH\Boot.php(325): CodeIgniter\CodeIgniter->run()
22 SYSTEMPATH\Boot.php(67): CodeIgniter\Boot::runCodeIgniter(Object(CodeIgniter\CodeIgniter))
23 FCPATH\index.php(56): CodeIgniter\Boot::bootWeb(Object(Config\Paths))
CRITICAL - 2024-11-15 17:57:34 --> CodeIgniter\Session\Exceptions\SessionException: Session: Configured save path "C:\laragon\www\UPSI_SkillHub\writable\session" is not writable by the PHP process.
[Method: GET, Route: login]
in SYSTEMPATH\Session\Handlers\FileHandler.php on line 103.
 1 SYSTEMPATH\Session\Handlers\FileHandler.php(103): CodeIgniter\Session\Exceptions\SessionException::forWriteProtectedSavePath('C:\\laragon\\www\\UPSI_SkillHub\\writable\\session')
 2 [internal function]: CodeIgniter\Session\Handlers\FileHandler->open('C:\\laragon\\www\\UPSI_SkillHub\\writable\\session', 'ci_session')
 3 SYSTEMPATH\Session\Session.php(920): session_start()
 4 SYSTEMPATH\Session\Session.php(242): CodeIgniter\Session\Session->startSession()
 5 SYSTEMPATH\Config\Services.php(710): CodeIgniter\Session\Session->start()
 6 SYSTEMPATH\Config\BaseService.php(312): CodeIgniter\Config\Services::session(Object(Config\Session), false)
 7 SYSTEMPATH\Config\BaseService.php(251): CodeIgniter\Config\BaseService::__callStatic('session', [...])
 8 SYSTEMPATH\Config\Services.php(668): CodeIgniter\Config\BaseService::getSharedInstance('session', null)
 9 SYSTEMPATH\Config\BaseService.php(321): CodeIgniter\Config\Services::session()
10 SYSTEMPATH\Config\BaseService.php(202): CodeIgniter\Config\BaseService::__callStatic('session', [])
11 SYSTEMPATH\Common.php(998): CodeIgniter\Config\BaseService::get('session')
12 SYSTEMPATH\Common.php(971): service('session')
13 APPPATH\Views\auth\login.php(12): session()
14 SYSTEMPATH\View\View.php(234): include('C:\\laragon\\www\\UPSI_SkillHub\\app\\Views\\auth\\login.php')
15 SYSTEMPATH\View\View.php(237): CodeIgniter\View\View->CodeIgniter\View\{closure}()
16 SYSTEMPATH\Common.php(1171): CodeIgniter\View\View->render('auth/login', [], true)
17 APPPATH\Controllers\AuthController.php(12): view('auth/login')
18 SYSTEMPATH\CodeIgniter.php(933): App\Controllers\AuthController->index()
19 SYSTEMPATH\CodeIgniter.php(509): CodeIgniter\CodeIgniter->runController(Object(App\Controllers\AuthController))
20 SYSTEMPATH\CodeIgniter.php(355): CodeIgniter\CodeIgniter->handleRequest(null, Object(Config\Cache), false)
21 SYSTEMPATH\Boot.php(325): CodeIgniter\CodeIgniter->run()
22 SYSTEMPATH\Boot.php(67): CodeIgniter\Boot::runCodeIgniter(Object(CodeIgniter\CodeIgniter))
23 FCPATH\index.php(56): CodeIgniter\Boot::bootWeb(Object(Config\Paths))
CRITICAL - 2024-11-15 17:57:34 --> CodeIgniter\Session\Exceptions\SessionException: Session: Configured save path "C:\laragon\www\UPSI_SkillHub\writable\session" is not writable by the PHP process.
[Method: GET, Route: login]
in SYSTEMPATH\Session\Handlers\FileHandler.php on line 103.
 1 SYSTEMPATH\Session\Handlers\FileHandler.php(103): CodeIgniter\Session\Exceptions\SessionException::forWriteProtectedSavePath('C:\\laragon\\www\\UPSI_SkillHub\\writable\\session')
 2 [internal function]: CodeIgniter\Session\Handlers\FileHandler->open('C:\\laragon\\www\\UPSI_SkillHub\\writable\\session', 'ci_session')
 3 SYSTEMPATH\Session\Session.php(920): session_start()
 4 SYSTEMPATH\Session\Session.php(242): CodeIgniter\Session\Session->startSession()
 5 SYSTEMPATH\Config\Services.php(710): CodeIgniter\Session\Session->start()
 6 SYSTEMPATH\Config\BaseService.php(312): CodeIgniter\Config\Services::session(Object(Config\Session), false)
 7 SYSTEMPATH\Config\BaseService.php(251): CodeIgniter\Config\BaseService::__callStatic('session', [...])
 8 SYSTEMPATH\Config\Services.php(668): CodeIgniter\Config\BaseService::getSharedInstance('session', null)
 9 SYSTEMPATH\Config\BaseService.php(321): CodeIgniter\Config\Services::session()
10 SYSTEMPATH\Config\BaseService.php(202): CodeIgniter\Config\BaseService::__callStatic('session', [])
11 SYSTEMPATH\Common.php(998): CodeIgniter\Config\BaseService::get('session')
12 SYSTEMPATH\Common.php(971): service('session')
13 APPPATH\Views\auth\login.php(12): session()
14 SYSTEMPATH\View\View.php(234): include('C:\\laragon\\www\\UPSI_SkillHub\\app\\Views\\auth\\login.php')
15 SYSTEMPATH\View\View.php(237): CodeIgniter\View\View->CodeIgniter\View\{closure}()
16 SYSTEMPATH\Common.php(1171): CodeIgniter\View\View->render('auth/login', [], true)
17 APPPATH\Controllers\AuthController.php(12): view('auth/login')
18 SYSTEMPATH\CodeIgniter.php(933): App\Controllers\AuthController->index()
19 SYSTEMPATH\CodeIgniter.php(509): CodeIgniter\CodeIgniter->runController(Object(App\Controllers\AuthController))
20 SYSTEMPATH\CodeIgniter.php(355): CodeIgniter\CodeIgniter->handleRequest(null, Object(Config\Cache), false)
21 SYSTEMPATH\Boot.php(325): CodeIgniter\CodeIgniter->run()
22 SYSTEMPATH\Boot.php(67): CodeIgniter\Boot::runCodeIgniter(Object(CodeIgniter\CodeIgniter))
23 FCPATH\index.php(56): CodeIgniter\Boot::bootWeb(Object(Config\Paths))
CRITICAL - 2024-11-15 17:57:35 --> CodeIgniter\Session\Exceptions\SessionException: Session: Configured save path "C:\laragon\www\UPSI_SkillHub\writable\session" is not writable by the PHP process.
[Method: GET, Route: login]
in SYSTEMPATH\Session\Handlers\FileHandler.php on line 103.
 1 SYSTEMPATH\Session\Handlers\FileHandler.php(103): CodeIgniter\Session\Exceptions\SessionException::forWriteProtectedSavePath('C:\\laragon\\www\\UPSI_SkillHub\\writable\\session')
 2 [internal function]: CodeIgniter\Session\Handlers\FileHandler->open('C:\\laragon\\www\\UPSI_SkillHub\\writable\\session', 'ci_session')
 3 SYSTEMPATH\Session\Session.php(920): session_start()
 4 SYSTEMPATH\Session\Session.php(242): CodeIgniter\Session\Session->startSession()
 5 SYSTEMPATH\Config\Services.php(710): CodeIgniter\Session\Session->start()
 6 SYSTEMPATH\Config\BaseService.php(312): CodeIgniter\Config\Services::session(Object(Config\Session), false)
 7 SYSTEMPATH\Config\BaseService.php(251): CodeIgniter\Config\BaseService::__callStatic('session', [...])
 8 SYSTEMPATH\Config\Services.php(668): CodeIgniter\Config\BaseService::getSharedInstance('session', null)
 9 SYSTEMPATH\Config\BaseService.php(321): CodeIgniter\Config\Services::session()
10 SYSTEMPATH\Config\BaseService.php(202): CodeIgniter\Config\BaseService::__callStatic('session', [])
11 SYSTEMPATH\Common.php(998): CodeIgniter\Config\BaseService::get('session')
12 SYSTEMPATH\Common.php(971): service('session')
13 APPPATH\Views\auth\login.php(12): session()
14 SYSTEMPATH\View\View.php(234): include('C:\\laragon\\www\\UPSI_SkillHub\\app\\Views\\auth\\login.php')
15 SYSTEMPATH\View\View.php(237): CodeIgniter\View\View->CodeIgniter\View\{closure}()
16 SYSTEMPATH\Common.php(1171): CodeIgniter\View\View->render('auth/login', [], true)
17 APPPATH\Controllers\AuthController.php(12): view('auth/login')
18 SYSTEMPATH\CodeIgniter.php(933): App\Controllers\AuthController->index()
19 SYSTEMPATH\CodeIgniter.php(509): CodeIgniter\CodeIgniter->runController(Object(App\Controllers\AuthController))
20 SYSTEMPATH\CodeIgniter.php(355): CodeIgniter\CodeIgniter->handleRequest(null, Object(Config\Cache), false)
21 SYSTEMPATH\Boot.php(325): CodeIgniter\CodeIgniter->run()
22 SYSTEMPATH\Boot.php(67): CodeIgniter\Boot::runCodeIgniter(Object(CodeIgniter\CodeIgniter))
23 FCPATH\index.php(56): CodeIgniter\Boot::bootWeb(Object(Config\Paths))
CRITICAL - 2024-11-15 17:57:35 --> CodeIgniter\Session\Exceptions\SessionException: Session: Configured save path "C:\laragon\www\UPSI_SkillHub\writable\session" is not writable by the PHP process.
[Method: GET, Route: login]
in SYSTEMPATH\Session\Handlers\FileHandler.php on line 103.
 1 SYSTEMPATH\Session\Handlers\FileHandler.php(103): CodeIgniter\Session\Exceptions\SessionException::forWriteProtectedSavePath('C:\\laragon\\www\\UPSI_SkillHub\\writable\\session')
 2 [internal function]: CodeIgniter\Session\Handlers\FileHandler->open('C:\\laragon\\www\\UPSI_SkillHub\\writable\\session', 'ci_session')
 3 SYSTEMPATH\Session\Session.php(920): session_start()
 4 SYSTEMPATH\Session\Session.php(242): CodeIgniter\Session\Session->startSession()
 5 SYSTEMPATH\Config\Services.php(710): CodeIgniter\Session\Session->start()
 6 SYSTEMPATH\Config\BaseService.php(312): CodeIgniter\Config\Services::session(Object(Config\Session), false)
 7 SYSTEMPATH\Config\BaseService.php(251): CodeIgniter\Config\BaseService::__callStatic('session', [...])
 8 SYSTEMPATH\Config\Services.php(668): CodeIgniter\Config\BaseService::getSharedInstance('session', null)
 9 SYSTEMPATH\Config\BaseService.php(321): CodeIgniter\Config\Services::session()
10 SYSTEMPATH\Config\BaseService.php(202): CodeIgniter\Config\BaseService::__callStatic('session', [])
11 SYSTEMPATH\Common.php(998): CodeIgniter\Config\BaseService::get('session')
12 SYSTEMPATH\Common.php(971): service('session')
13 APPPATH\Views\auth\login.php(12): session()
14 SYSTEMPATH\View\View.php(234): include('C:\\laragon\\www\\UPSI_SkillHub\\app\\Views\\auth\\login.php')
15 SYSTEMPATH\View\View.php(237): CodeIgniter\View\View->CodeIgniter\View\{closure}()
16 SYSTEMPATH\Common.php(1171): CodeIgniter\View\View->render('auth/login', [], true)
17 APPPATH\Controllers\AuthController.php(12): view('auth/login')
18 SYSTEMPATH\CodeIgniter.php(933): App\Controllers\AuthController->index()
19 SYSTEMPATH\CodeIgniter.php(509): CodeIgniter\CodeIgniter->runController(Object(App\Controllers\AuthController))
20 SYSTEMPATH\CodeIgniter.php(355): CodeIgniter\CodeIgniter->handleRequest(null, Object(Config\Cache), false)
21 SYSTEMPATH\Boot.php(325): CodeIgniter\CodeIgniter->run()
22 SYSTEMPATH\Boot.php(67): CodeIgniter\Boot::runCodeIgniter(Object(CodeIgniter\CodeIgniter))
23 FCPATH\index.php(56): CodeIgniter\Boot::bootWeb(Object(Config\Paths))
CRITICAL - 2024-11-15 17:57:35 --> CodeIgniter\Session\Exceptions\SessionException: Session: Configured save path "C:\laragon\www\UPSI_SkillHub\writable\session" is not writable by the PHP process.
[Method: GET, Route: login]
in SYSTEMPATH\Session\Handlers\FileHandler.php on line 103.
 1 SYSTEMPATH\Session\Handlers\FileHandler.php(103): CodeIgniter\Session\Exceptions\SessionException::forWriteProtectedSavePath('C:\\laragon\\www\\UPSI_SkillHub\\writable\\session')
 2 [internal function]: CodeIgniter\Session\Handlers\FileHandler->open('C:\\laragon\\www\\UPSI_SkillHub\\writable\\session', 'ci_session')
 3 SYSTEMPATH\Session\Session.php(920): session_start()
 4 SYSTEMPATH\Session\Session.php(242): CodeIgniter\Session\Session->startSession()
 5 SYSTEMPATH\Config\Services.php(710): CodeIgniter\Session\Session->start()
 6 SYSTEMPATH\Config\BaseService.php(312): CodeIgniter\Config\Services::session(Object(Config\Session), false)
 7 SYSTEMPATH\Config\BaseService.php(251): CodeIgniter\Config\BaseService::__callStatic('session', [...])
 8 SYSTEMPATH\Config\Services.php(668): CodeIgniter\Config\BaseService::getSharedInstance('session', null)
 9 SYSTEMPATH\Config\BaseService.php(321): CodeIgniter\Config\Services::session()
10 SYSTEMPATH\Config\BaseService.php(202): CodeIgniter\Config\BaseService::__callStatic('session', [])
11 SYSTEMPATH\Common.php(998): CodeIgniter\Config\BaseService::get('session')
12 SYSTEMPATH\Common.php(971): service('session')
13 APPPATH\Views\auth\login.php(12): session()
14 SYSTEMPATH\View\View.php(234): include('C:\\laragon\\www\\UPSI_SkillHub\\app\\Views\\auth\\login.php')
15 SYSTEMPATH\View\View.php(237): CodeIgniter\View\View->CodeIgniter\View\{closure}()
16 SYSTEMPATH\Common.php(1171): CodeIgniter\View\View->render('auth/login', [], true)
17 APPPATH\Controllers\AuthController.php(12): view('auth/login')
18 SYSTEMPATH\CodeIgniter.php(933): App\Controllers\AuthController->index()
19 SYSTEMPATH\CodeIgniter.php(509): CodeIgniter\CodeIgniter->runController(Object(App\Controllers\AuthController))
20 SYSTEMPATH\CodeIgniter.php(355): CodeIgniter\CodeIgniter->handleRequest(null, Object(Config\Cache), false)
21 SYSTEMPATH\Boot.php(325): CodeIgniter\CodeIgniter->run()
22 SYSTEMPATH\Boot.php(67): CodeIgniter\Boot::runCodeIgniter(Object(CodeIgniter\CodeIgniter))
23 FCPATH\index.php(56): CodeIgniter\Boot::bootWeb(Object(Config\Paths))
CRITICAL - 2024-11-15 17:57:35 --> CodeIgniter\Session\Exceptions\SessionException: Session: Configured save path "C:\laragon\www\UPSI_SkillHub\writable\session" is not writable by the PHP process.
[Method: GET, Route: login]
in SYSTEMPATH\Session\Handlers\FileHandler.php on line 103.
 1 SYSTEMPATH\Session\Handlers\FileHandler.php(103): CodeIgniter\Session\Exceptions\SessionException::forWriteProtectedSavePath('C:\\laragon\\www\\UPSI_SkillHub\\writable\\session')
 2 [internal function]: CodeIgniter\Session\Handlers\FileHandler->open('C:\\laragon\\www\\UPSI_SkillHub\\writable\\session', 'ci_session')
 3 SYSTEMPATH\Session\Session.php(920): session_start()
 4 SYSTEMPATH\Session\Session.php(242): CodeIgniter\Session\Session->startSession()
 5 SYSTEMPATH\Config\Services.php(710): CodeIgniter\Session\Session->start()
 6 SYSTEMPATH\Config\BaseService.php(312): CodeIgniter\Config\Services::session(Object(Config\Session), false)
 7 SYSTEMPATH\Config\BaseService.php(251): CodeIgniter\Config\BaseService::__callStatic('session', [...])
 8 SYSTEMPATH\Config\Services.php(668): CodeIgniter\Config\BaseService::getSharedInstance('session', null)
 9 SYSTEMPATH\Config\BaseService.php(321): CodeIgniter\Config\Services::session()
10 SYSTEMPATH\Config\BaseService.php(202): CodeIgniter\Config\BaseService::__callStatic('session', [])
11 SYSTEMPATH\Common.php(998): CodeIgniter\Config\BaseService::get('session')
12 SYSTEMPATH\Common.php(971): service('session')
13 APPPATH\Views\auth\login.php(12): session()
14 SYSTEMPATH\View\View.php(234): include('C:\\laragon\\www\\UPSI_SkillHub\\app\\Views\\auth\\login.php')
15 SYSTEMPATH\View\View.php(237): CodeIgniter\View\View->CodeIgniter\View\{closure}()
16 SYSTEMPATH\Common.php(1171): CodeIgniter\View\View->render('auth/login', [], true)
17 APPPATH\Controllers\AuthController.php(12): view('auth/login')
18 SYSTEMPATH\CodeIgniter.php(933): App\Controllers\AuthController->index()
19 SYSTEMPATH\CodeIgniter.php(509): CodeIgniter\CodeIgniter->runController(Object(App\Controllers\AuthController))
20 SYSTEMPATH\CodeIgniter.php(355): CodeIgniter\CodeIgniter->handleRequest(null, Object(Config\Cache), false)
21 SYSTEMPATH\Boot.php(325): CodeIgniter\CodeIgniter->run()
22 SYSTEMPATH\Boot.php(67): CodeIgniter\Boot::runCodeIgniter(Object(CodeIgniter\CodeIgniter))
23 FCPATH\index.php(56): CodeIgniter\Boot::bootWeb(Object(Config\Paths))
CRITICAL - 2024-11-15 17:57:35 --> CodeIgniter\Session\Exceptions\SessionException: Session: Configured save path "C:\laragon\www\UPSI_SkillHub\writable\session" is not writable by the PHP process.
[Method: GET, Route: login]
in SYSTEMPATH\Session\Handlers\FileHandler.php on line 103.
 1 SYSTEMPATH\Session\Handlers\FileHandler.php(103): CodeIgniter\Session\Exceptions\SessionException::forWriteProtectedSavePath('C:\\laragon\\www\\UPSI_SkillHub\\writable\\session')
 2 [internal function]: CodeIgniter\Session\Handlers\FileHandler->open('C:\\laragon\\www\\UPSI_SkillHub\\writable\\session', 'ci_session')
 3 SYSTEMPATH\Session\Session.php(920): session_start()
 4 SYSTEMPATH\Session\Session.php(242): CodeIgniter\Session\Session->startSession()
 5 SYSTEMPATH\Config\Services.php(710): CodeIgniter\Session\Session->start()
 6 SYSTEMPATH\Config\BaseService.php(312): CodeIgniter\Config\Services::session(Object(Config\Session), false)
 7 SYSTEMPATH\Config\BaseService.php(251): CodeIgniter\Config\BaseService::__callStatic('session', [...])
 8 SYSTEMPATH\Config\Services.php(668): CodeIgniter\Config\BaseService::getSharedInstance('session', null)
 9 SYSTEMPATH\Config\BaseService.php(321): CodeIgniter\Config\Services::session()
10 SYSTEMPATH\Config\BaseService.php(202): CodeIgniter\Config\BaseService::__callStatic('session', [])
11 SYSTEMPATH\Common.php(998): CodeIgniter\Config\BaseService::get('session')
12 SYSTEMPATH\Common.php(971): service('session')
13 APPPATH\Views\auth\login.php(12): session()
14 SYSTEMPATH\View\View.php(234): include('C:\\laragon\\www\\UPSI_SkillHub\\app\\Views\\auth\\login.php')
15 SYSTEMPATH\View\View.php(237): CodeIgniter\View\View->CodeIgniter\View\{closure}()
16 SYSTEMPATH\Common.php(1171): CodeIgniter\View\View->render('auth/login', [], true)
17 APPPATH\Controllers\AuthController.php(12): view('auth/login')
18 SYSTEMPATH\CodeIgniter.php(933): App\Controllers\AuthController->index()
19 SYSTEMPATH\CodeIgniter.php(509): CodeIgniter\CodeIgniter->runController(Object(App\Controllers\AuthController))
20 SYSTEMPATH\CodeIgniter.php(355): CodeIgniter\CodeIgniter->handleRequest(null, Object(Config\Cache), false)
21 SYSTEMPATH\Boot.php(325): CodeIgniter\CodeIgniter->run()
22 SYSTEMPATH\Boot.php(67): CodeIgniter\Boot::runCodeIgniter(Object(CodeIgniter\CodeIgniter))
23 FCPATH\index.php(56): CodeIgniter\Boot::bootWeb(Object(Config\Paths))
CRITICAL - 2024-11-15 17:57:36 --> CodeIgniter\Session\Exceptions\SessionException: Session: Configured save path "C:\laragon\www\UPSI_SkillHub\writable\session" is not writable by the PHP process.
[Method: GET, Route: login]
in SYSTEMPATH\Session\Handlers\FileHandler.php on line 103.
 1 SYSTEMPATH\Session\Handlers\FileHandler.php(103): CodeIgniter\Session\Exceptions\SessionException::forWriteProtectedSavePath('C:\\laragon\\www\\UPSI_SkillHub\\writable\\session')
 2 [internal function]: CodeIgniter\Session\Handlers\FileHandler->open('C:\\laragon\\www\\UPSI_SkillHub\\writable\\session', 'ci_session')
 3 SYSTEMPATH\Session\Session.php(920): session_start()
 4 SYSTEMPATH\Session\Session.php(242): CodeIgniter\Session\Session->startSession()
 5 SYSTEMPATH\Config\Services.php(710): CodeIgniter\Session\Session->start()
 6 SYSTEMPATH\Config\BaseService.php(312): CodeIgniter\Config\Services::session(Object(Config\Session), false)
 7 SYSTEMPATH\Config\BaseService.php(251): CodeIgniter\Config\BaseService::__callStatic('session', [...])
 8 SYSTEMPATH\Config\Services.php(668): CodeIgniter\Config\BaseService::getSharedInstance('session', null)
 9 SYSTEMPATH\Config\BaseService.php(321): CodeIgniter\Config\Services::session()
10 SYSTEMPATH\Config\BaseService.php(202): CodeIgniter\Config\BaseService::__callStatic('session', [])
11 SYSTEMPATH\Common.php(998): CodeIgniter\Config\BaseService::get('session')
12 SYSTEMPATH\Common.php(971): service('session')
13 APPPATH\Views\auth\login.php(12): session()
14 SYSTEMPATH\View\View.php(234): include('C:\\laragon\\www\\UPSI_SkillHub\\app\\Views\\auth\\login.php')
15 SYSTEMPATH\View\View.php(237): CodeIgniter\View\View->CodeIgniter\View\{closure}()
16 SYSTEMPATH\Common.php(1171): CodeIgniter\View\View->render('auth/login', [], true)
17 APPPATH\Controllers\AuthController.php(12): view('auth/login')
18 SYSTEMPATH\CodeIgniter.php(933): App\Controllers\AuthController->index()
19 SYSTEMPATH\CodeIgniter.php(509): CodeIgniter\CodeIgniter->runController(Object(App\Controllers\AuthController))
20 SYSTEMPATH\CodeIgniter.php(355): CodeIgniter\CodeIgniter->handleRequest(null, Object(Config\Cache), false)
21 SYSTEMPATH\Boot.php(325): CodeIgniter\CodeIgniter->run()
22 SYSTEMPATH\Boot.php(67): CodeIgniter\Boot::runCodeIgniter(Object(CodeIgniter\CodeIgniter))
23 FCPATH\index.php(56): CodeIgniter\Boot::bootWeb(Object(Config\Paths))
CRITICAL - 2024-11-15 17:57:36 --> CodeIgniter\Session\Exceptions\SessionException: Session: Configured save path "C:\laragon\www\UPSI_SkillHub\writable\session" is not writable by the PHP process.
[Method: GET, Route: login]
in SYSTEMPATH\Session\Handlers\FileHandler.php on line 103.
 1 SYSTEMPATH\Session\Handlers\FileHandler.php(103): CodeIgniter\Session\Exceptions\SessionException::forWriteProtectedSavePath('C:\\laragon\\www\\UPSI_SkillHub\\writable\\session')
 2 [internal function]: CodeIgniter\Session\Handlers\FileHandler->open('C:\\laragon\\www\\UPSI_SkillHub\\writable\\session', 'ci_session')
 3 SYSTEMPATH\Session\Session.php(920): session_start()
 4 SYSTEMPATH\Session\Session.php(242): CodeIgniter\Session\Session->startSession()
 5 SYSTEMPATH\Config\Services.php(710): CodeIgniter\Session\Session->start()
 6 SYSTEMPATH\Config\BaseService.php(312): CodeIgniter\Config\Services::session(Object(Config\Session), false)
 7 SYSTEMPATH\Config\BaseService.php(251): CodeIgniter\Config\BaseService::__callStatic('session', [...])
 8 SYSTEMPATH\Config\Services.php(668): CodeIgniter\Config\BaseService::getSharedInstance('session', null)
 9 SYSTEMPATH\Config\BaseService.php(321): CodeIgniter\Config\Services::session()
10 SYSTEMPATH\Config\BaseService.php(202): CodeIgniter\Config\BaseService::__callStatic('session', [])
11 SYSTEMPATH\Common.php(998): CodeIgniter\Config\BaseService::get('session')
12 SYSTEMPATH\Common.php(971): service('session')
13 APPPATH\Views\auth\login.php(12): session()
14 SYSTEMPATH\View\View.php(234): include('C:\\laragon\\www\\UPSI_SkillHub\\app\\Views\\auth\\login.php')
15 SYSTEMPATH\View\View.php(237): CodeIgniter\View\View->CodeIgniter\View\{closure}()
16 SYSTEMPATH\Common.php(1171): CodeIgniter\View\View->render('auth/login', [], true)
17 APPPATH\Controllers\AuthController.php(12): view('auth/login')
18 SYSTEMPATH\CodeIgniter.php(933): App\Controllers\AuthController->index()
19 SYSTEMPATH\CodeIgniter.php(509): CodeIgniter\CodeIgniter->runController(Object(App\Controllers\AuthController))
20 SYSTEMPATH\CodeIgniter.php(355): CodeIgniter\CodeIgniter->handleRequest(null, Object(Config\Cache), false)
21 SYSTEMPATH\Boot.php(325): CodeIgniter\CodeIgniter->run()
22 SYSTEMPATH\Boot.php(67): CodeIgniter\Boot::runCodeIgniter(Object(CodeIgniter\CodeIgniter))
23 FCPATH\index.php(56): CodeIgniter\Boot::bootWeb(Object(Config\Paths))
CRITICAL - 2024-11-15 17:57:36 --> CodeIgniter\Session\Exceptions\SessionException: Session: Configured save path "C:\laragon\www\UPSI_SkillHub\writable\session" is not writable by the PHP process.
[Method: GET, Route: login]
in SYSTEMPATH\Session\Handlers\FileHandler.php on line 103.
 1 SYSTEMPATH\Session\Handlers\FileHandler.php(103): CodeIgniter\Session\Exceptions\SessionException::forWriteProtectedSavePath('C:\\laragon\\www\\UPSI_SkillHub\\writable\\session')
 2 [internal function]: CodeIgniter\Session\Handlers\FileHandler->open('C:\\laragon\\www\\UPSI_SkillHub\\writable\\session', 'ci_session')
 3 SYSTEMPATH\Session\Session.php(920): session_start()
 4 SYSTEMPATH\Session\Session.php(242): CodeIgniter\Session\Session->startSession()
 5 SYSTEMPATH\Config\Services.php(710): CodeIgniter\Session\Session->start()
 6 SYSTEMPATH\Config\BaseService.php(312): CodeIgniter\Config\Services::session(Object(Config\Session), false)
 7 SYSTEMPATH\Config\BaseService.php(251): CodeIgniter\Config\BaseService::__callStatic('session', [...])
 8 SYSTEMPATH\Config\Services.php(668): CodeIgniter\Config\BaseService::getSharedInstance('session', null)
 9 SYSTEMPATH\Config\BaseService.php(321): CodeIgniter\Config\Services::session()
10 SYSTEMPATH\Config\BaseService.php(202): CodeIgniter\Config\BaseService::__callStatic('session', [])
11 SYSTEMPATH\Common.php(998): CodeIgniter\Config\BaseService::get('session')
12 SYSTEMPATH\Common.php(971): service('session')
13 APPPATH\Views\auth\login.php(12): session()
14 SYSTEMPATH\View\View.php(234): include('C:\\laragon\\www\\UPSI_SkillHub\\app\\Views\\auth\\login.php')
15 SYSTEMPATH\View\View.php(237): CodeIgniter\View\View->CodeIgniter\View\{closure}()
16 SYSTEMPATH\Common.php(1171): CodeIgniter\View\View->render('auth/login', [], true)
17 APPPATH\Controllers\AuthController.php(12): view('auth/login')
18 SYSTEMPATH\CodeIgniter.php(933): App\Controllers\AuthController->index()
19 SYSTEMPATH\CodeIgniter.php(509): CodeIgniter\CodeIgniter->runController(Object(App\Controllers\AuthController))
20 SYSTEMPATH\CodeIgniter.php(355): CodeIgniter\CodeIgniter->handleRequest(null, Object(Config\Cache), false)
21 SYSTEMPATH\Boot.php(325): CodeIgniter\CodeIgniter->run()
22 SYSTEMPATH\Boot.php(67): CodeIgniter\Boot::runCodeIgniter(Object(CodeIgniter\CodeIgniter))
23 FCPATH\index.php(56): CodeIgniter\Boot::bootWeb(Object(Config\Paths))
CRITICAL - 2024-11-15 17:57:36 --> CodeIgniter\Session\Exceptions\SessionException: Session: Configured save path "C:\laragon\www\UPSI_SkillHub\writable\session" is not writable by the PHP process.
[Method: GET, Route: login]
in SYSTEMPATH\Session\Handlers\FileHandler.php on line 103.
 1 SYSTEMPATH\Session\Handlers\FileHandler.php(103): CodeIgniter\Session\Exceptions\SessionException::forWriteProtectedSavePath('C:\\laragon\\www\\UPSI_SkillHub\\writable\\session')
 2 [internal function]: CodeIgniter\Session\Handlers\FileHandler->open('C:\\laragon\\www\\UPSI_SkillHub\\writable\\session', 'ci_session')
 3 SYSTEMPATH\Session\Session.php(920): session_start()
 4 SYSTEMPATH\Session\Session.php(242): CodeIgniter\Session\Session->startSession()
 5 SYSTEMPATH\Config\Services.php(710): CodeIgniter\Session\Session->start()
 6 SYSTEMPATH\Config\BaseService.php(312): CodeIgniter\Config\Services::session(Object(Config\Session), false)
 7 SYSTEMPATH\Config\BaseService.php(251): CodeIgniter\Config\BaseService::__callStatic('session', [...])
 8 SYSTEMPATH\Config\Services.php(668): CodeIgniter\Config\BaseService::getSharedInstance('session', null)
 9 SYSTEMPATH\Config\BaseService.php(321): CodeIgniter\Config\Services::session()
10 SYSTEMPATH\Config\BaseService.php(202): CodeIgniter\Config\BaseService::__callStatic('session', [])
11 SYSTEMPATH\Common.php(998): CodeIgniter\Config\BaseService::get('session')
12 SYSTEMPATH\Common.php(971): service('session')
13 APPPATH\Views\auth\login.php(12): session()
14 SYSTEMPATH\View\View.php(234): include('C:\\laragon\\www\\UPSI_SkillHub\\app\\Views\\auth\\login.php')
15 SYSTEMPATH\View\View.php(237): CodeIgniter\View\View->CodeIgniter\View\{closure}()
16 SYSTEMPATH\Common.php(1171): CodeIgniter\View\View->render('auth/login', [], true)
17 APPPATH\Controllers\AuthController.php(12): view('auth/login')
18 SYSTEMPATH\CodeIgniter.php(933): App\Controllers\AuthController->index()
19 SYSTEMPATH\CodeIgniter.php(509): CodeIgniter\CodeIgniter->runController(Object(App\Controllers\AuthController))
20 SYSTEMPATH\CodeIgniter.php(355): CodeIgniter\CodeIgniter->handleRequest(null, Object(Config\Cache), false)
21 SYSTEMPATH\Boot.php(325): CodeIgniter\CodeIgniter->run()
22 SYSTEMPATH\Boot.php(67): CodeIgniter\Boot::runCodeIgniter(Object(CodeIgniter\CodeIgniter))
23 FCPATH\index.php(56): CodeIgniter\Boot::bootWeb(Object(Config\Paths))
