ERROR - 2024-12-15 14:18:16 --> ErrorException: pg_query(): Query failed: ERROR:  relation &quot;students&quot; does not exist
LINE 2: FROM &quot;students&quot;
             ^ in C:\laragon\www\UPSI_SkillHub\system\Database\Postgre\Connection.php:204
Stack trace:
#0 [internal function]: CodeIgniter\Debug\Exceptions->errorHandler(2, 'pg_query(): Que...', 'C:\\laragon\\www\\...', 204)
#1 C:\laragon\www\UPSI_SkillHub\system\Database\Postgre\Connection.php(204): pg_query(Object(PgSql\Connection), 'SELECT *\nFROM "...')
#2 C:\laragon\www\UPSI_SkillHub\system\Database\BaseConnection.php(734): CodeIgniter\Database\Postgre\Connection->execute('SELECT *\nFROM "...')
#3 C:\laragon\www\UPSI_SkillHub\system\Database\BaseConnection.php(648): CodeIgniter\Database\BaseConnection->simpleQuery('SELECT *\nFROM "...')
#4 C:\laragon\www\UPSI_SkillHub\system\Database\BaseBuilder.php(1644): CodeIgniter\Database\BaseConnection->query('SELECT *\nFROM "...', Array, false)
#5 C:\laragon\www\UPSI_SkillHub\system\Model.php(286): CodeIgniter\Database\BaseBuilder->get()
#6 C:\laragon\www\UPSI_SkillHub\system\BaseModel.php(676): CodeIgniter\Model->doFindAll(0, 0)
#7 C:\laragon\www\UPSI_SkillHub\app\Models\StudentProfileModel.php(13): CodeIgniter\BaseModel->findAll()
#8 C:\laragon\www\UPSI_SkillHub\app\Controllers\StudentProfileController.php(12): App\Models\StudentProfileModel->getStudentData()
#9 C:\laragon\www\UPSI_SkillHub\system\CodeIgniter.php(933): App\Controllers\StudentProfileController->index()
#10 C:\laragon\www\UPSI_SkillHub\system\CodeIgniter.php(509): CodeIgniter\CodeIgniter->runController(Object(App\Controllers\StudentProfileController))
#11 C:\laragon\www\UPSI_SkillHub\system\CodeIgniter.php(355): CodeIgniter\CodeIgniter->handleRequest(NULL, Object(Config\Cache), false)
#12 C:\laragon\www\UPSI_SkillHub\system\Boot.php(325): CodeIgniter\CodeIgniter->run()
#13 C:\laragon\www\UPSI_SkillHub\system\Boot.php(67): CodeIgniter\Boot::runCodeIgniter(Object(CodeIgniter\CodeIgniter))
#14 C:\laragon\www\UPSI_SkillHub\public\index.php(46): CodeIgniter\Boot::bootWeb(Object(Config\Paths))
#15 C:\laragon\www\UPSI_SkillHub\system\rewrite.php(44): require_once('C:\\laragon\\www\\...')
#16 {main}
CRITICAL - 2024-12-15 14:18:16 --> Error: Call to a member function getResult() on bool
[Method: GET, Route: student-profile]
in SYSTEMPATH\Model.php on line 287.
 1 SYSTEMPATH\BaseModel.php(676): CodeIgniter\Model->doFindAll(0, 0)
 2 APPPATH\Models\StudentProfileModel.php(13): CodeIgniter\BaseModel->findAll()
 3 APPPATH\Controllers\StudentProfileController.php(12): App\Models\StudentProfileModel->getStudentData()
 4 SYSTEMPATH\CodeIgniter.php(933): App\Controllers\StudentProfileController->index()
 5 SYSTEMPATH\CodeIgniter.php(509): CodeIgniter\CodeIgniter->runController(Object(App\Controllers\StudentProfileController))
 6 SYSTEMPATH\CodeIgniter.php(355): CodeIgniter\CodeIgniter->handleRequest(null, Object(Config\Cache), false)
 7 SYSTEMPATH\Boot.php(325): CodeIgniter\CodeIgniter->run()
 8 SYSTEMPATH\Boot.php(67): CodeIgniter\Boot::runCodeIgniter(Object(CodeIgniter\CodeIgniter))
 9 FCPATH\index.php(46): CodeIgniter\Boot::bootWeb(Object(Config\Paths))
10 SYSTEMPATH\rewrite.php(44): require_once('C:\\laragon\\www\\UPSI_SkillHub\\public\\index.php')
ERROR - 2024-12-15 14:29:31 --> ErrorException: pg_query(): Query failed: ERROR:  relation &quot;students&quot; does not exist
LINE 2: FROM &quot;students&quot;
             ^ in C:\laragon\www\UPSI_SkillHub\system\Database\Postgre\Connection.php:204
Stack trace:
#0 [internal function]: CodeIgniter\Debug\Exceptions->errorHandler(2, 'pg_query(): Que...', 'C:\\laragon\\www\\...', 204)
#1 C:\laragon\www\UPSI_SkillHub\system\Database\Postgre\Connection.php(204): pg_query(Object(PgSql\Connection), 'SELECT *\nFROM "...')
#2 C:\laragon\www\UPSI_SkillHub\system\Database\BaseConnection.php(734): CodeIgniter\Database\Postgre\Connection->execute('SELECT *\nFROM "...')
#3 C:\laragon\www\UPSI_SkillHub\system\Database\BaseConnection.php(648): CodeIgniter\Database\BaseConnection->simpleQuery('SELECT *\nFROM "...')
#4 C:\laragon\www\UPSI_SkillHub\system\Database\BaseBuilder.php(1644): CodeIgniter\Database\BaseConnection->query('SELECT *\nFROM "...', Array, false)
#5 C:\laragon\www\UPSI_SkillHub\system\Model.php(286): CodeIgniter\Database\BaseBuilder->get()
#6 C:\laragon\www\UPSI_SkillHub\system\BaseModel.php(676): CodeIgniter\Model->doFindAll(0, 0)
#7 C:\laragon\www\UPSI_SkillHub\app\Models\StudentProfileModel.php(13): CodeIgniter\BaseModel->findAll()
#8 C:\laragon\www\UPSI_SkillHub\app\Controllers\StudentProfileController.php(12): App\Models\StudentProfileModel->getStudentData()
#9 C:\laragon\www\UPSI_SkillHub\system\CodeIgniter.php(933): App\Controllers\StudentProfileController->index()
#10 C:\laragon\www\UPSI_SkillHub\system\CodeIgniter.php(509): CodeIgniter\CodeIgniter->runController(Object(App\Controllers\StudentProfileController))
#11 C:\laragon\www\UPSI_SkillHub\system\CodeIgniter.php(355): CodeIgniter\CodeIgniter->handleRequest(NULL, Object(Config\Cache), false)
#12 C:\laragon\www\UPSI_SkillHub\system\Boot.php(325): CodeIgniter\CodeIgniter->run()
#13 C:\laragon\www\UPSI_SkillHub\system\Boot.php(67): CodeIgniter\Boot::runCodeIgniter(Object(CodeIgniter\CodeIgniter))
#14 C:\laragon\www\UPSI_SkillHub\public\index.php(46): CodeIgniter\Boot::bootWeb(Object(Config\Paths))
#15 C:\laragon\www\UPSI_SkillHub\system\rewrite.php(44): require_once('C:\\laragon\\www\\...')
#16 {main}
CRITICAL - 2024-12-15 14:29:31 --> Error: Call to a member function getResult() on bool
[Method: GET, Route: student-profile]
in SYSTEMPATH\Model.php on line 287.
 1 SYSTEMPATH\BaseModel.php(676): CodeIgniter\Model->doFindAll(0, 0)
 2 APPPATH\Models\StudentProfileModel.php(13): CodeIgniter\BaseModel->findAll()
 3 APPPATH\Controllers\StudentProfileController.php(12): App\Models\StudentProfileModel->getStudentData()
 4 SYSTEMPATH\CodeIgniter.php(933): App\Controllers\StudentProfileController->index()
 5 SYSTEMPATH\CodeIgniter.php(509): CodeIgniter\CodeIgniter->runController(Object(App\Controllers\StudentProfileController))
 6 SYSTEMPATH\CodeIgniter.php(355): CodeIgniter\CodeIgniter->handleRequest(null, Object(Config\Cache), false)
 7 SYSTEMPATH\Boot.php(325): CodeIgniter\CodeIgniter->run()
 8 SYSTEMPATH\Boot.php(67): CodeIgniter\Boot::runCodeIgniter(Object(CodeIgniter\CodeIgniter))
 9 FCPATH\index.php(46): CodeIgniter\Boot::bootWeb(Object(Config\Paths))
10 SYSTEMPATH\rewrite.php(44): require_once('C:\\laragon\\www\\UPSI_SkillHub\\public\\index.php')
CRITICAL - 2024-12-15 14:39:36 --> ErrorException: Undefined array key "age"
[Method: GET, Route: student-profile]
in APPPATH\Views\sections\student_profile.php on line 15.
 1 APPPATH\Views\sections\student_profile.php(15): CodeIgniter\Debug\Exceptions->errorHandler(2, 'Undefined array key "age"', 'C:\\laragon\\www\\UPSI_SkillHub\\app\\Views\\sections\\student_profile.php', 15)
 2 SYSTEMPATH\View\View.php(234): include('C:\\laragon\\www\\UPSI_SkillHub\\app\\Views\\sections\\student_profile.php')
 3 SYSTEMPATH\View\View.php(237): CodeIgniter\View\View->CodeIgniter\View\{closure}()
 4 SYSTEMPATH\Common.php(1171): CodeIgniter\View\View->render('sections/student_profile', [], true)
 5 APPPATH\Controllers\StudentProfileController.php(13): view('sections/student_profile', [...])
 6 SYSTEMPATH\CodeIgniter.php(933): App\Controllers\StudentProfileController->index()
 7 SYSTEMPATH\CodeIgniter.php(509): CodeIgniter\CodeIgniter->runController(Object(App\Controllers\StudentProfileController))
 8 SYSTEMPATH\CodeIgniter.php(355): CodeIgniter\CodeIgniter->handleRequest(null, Object(Config\Cache), false)
 9 SYSTEMPATH\Boot.php(325): CodeIgniter\CodeIgniter->run()
10 SYSTEMPATH\Boot.php(67): CodeIgniter\Boot::runCodeIgniter(Object(CodeIgniter\CodeIgniter))
11 FCPATH\index.php(46): CodeIgniter\Boot::bootWeb(Object(Config\Paths))
12 SYSTEMPATH\rewrite.php(44): require_once('C:\\laragon\\www\\UPSI_SkillHub\\public\\index.php')
CRITICAL - 2024-12-15 16:28:10 --> ErrorException: Undefined array key "account_number"
[Method: GET, Route: student-profile]
in APPPATH\Views\sections\student_profile.php on line 34.
 1 APPPATH\Views\sections\student_profile.php(34): CodeIgniter\Debug\Exceptions->errorHandler(2, 'Undefined array key "account_number"', 'C:\\laragon\\www\\UPSI_SkillHub\\app\\Views\\sections\\student_profile.php', 34)
 2 SYSTEMPATH\View\View.php(234): include('C:\\laragon\\www\\UPSI_SkillHub\\app\\Views\\sections\\student_profile.php')
 3 SYSTEMPATH\View\View.php(237): CodeIgniter\View\View->CodeIgniter\View\{closure}()
 4 SYSTEMPATH\Common.php(1171): CodeIgniter\View\View->render('sections/student_profile', [], true)
 5 APPPATH\Controllers\StudentProfileController.php(39): view('sections/student_profile', [...])
 6 SYSTEMPATH\CodeIgniter.php(933): App\Controllers\StudentProfileController->index()
 7 SYSTEMPATH\CodeIgniter.php(509): CodeIgniter\CodeIgniter->runController(Object(App\Controllers\StudentProfileController))
 8 SYSTEMPATH\CodeIgniter.php(355): CodeIgniter\CodeIgniter->handleRequest(null, Object(Config\Cache), false)
 9 SYSTEMPATH\Boot.php(325): CodeIgniter\CodeIgniter->run()
10 SYSTEMPATH\Boot.php(67): CodeIgniter\Boot::runCodeIgniter(Object(CodeIgniter\CodeIgniter))
11 FCPATH\index.php(46): CodeIgniter\Boot::bootWeb(Object(Config\Paths))
12 SYSTEMPATH\rewrite.php(44): require_once('C:\\laragon\\www\\UPSI_SkillHub\\public\\index.php')
CRITICAL - 2024-12-15 18:52:08 --> Error: Call to a member function getErrorString() on null
[Method: POST, Route: student-profile/update]
in APPPATH\Controllers\StudentProfileController.php on line 125.
 1 SYSTEMPATH\CodeIgniter.php(933): App\Controllers\StudentProfileController->update()
 2 SYSTEMPATH\CodeIgniter.php(509): CodeIgniter\CodeIgniter->runController(Object(App\Controllers\StudentProfileController))
 3 SYSTEMPATH\CodeIgniter.php(355): CodeIgniter\CodeIgniter->handleRequest(null, Object(Config\Cache), false)
 4 SYSTEMPATH\Boot.php(325): CodeIgniter\CodeIgniter->run()
 5 SYSTEMPATH\Boot.php(67): CodeIgniter\Boot::runCodeIgniter(Object(CodeIgniter\CodeIgniter))
 6 FCPATH\index.php(46): CodeIgniter\Boot::bootWeb(Object(Config\Paths))
 7 SYSTEMPATH\rewrite.php(44): require_once('C:\\laragon\\www\\UPSI_SkillHub\\public\\index.php')
CRITICAL - 2024-12-15 19:16:28 --> Error: Call to a member function getErrorString() on null
[Method: POST, Route: student-profile/update]
in APPPATH\Controllers\StudentProfileController.php on line 125.
 1 SYSTEMPATH\CodeIgniter.php(933): App\Controllers\StudentProfileController->update()
 2 SYSTEMPATH\CodeIgniter.php(509): CodeIgniter\CodeIgniter->runController(Object(App\Controllers\StudentProfileController))
 3 SYSTEMPATH\CodeIgniter.php(355): CodeIgniter\CodeIgniter->handleRequest(null, Object(Config\Cache), false)
 4 SYSTEMPATH\Boot.php(325): CodeIgniter\CodeIgniter->run()
 5 SYSTEMPATH\Boot.php(67): CodeIgniter\Boot::runCodeIgniter(Object(CodeIgniter\CodeIgniter))
 6 FCPATH\index.php(46): CodeIgniter\Boot::bootWeb(Object(Config\Paths))
 7 SYSTEMPATH\rewrite.php(44): require_once('C:\\laragon\\www\\UPSI_SkillHub\\public\\index.php')
CRITICAL - 2024-12-15 19:16:51 --> Error: Call to a member function getErrorString() on null
[Method: POST, Route: student-profile/update]
in APPPATH\Controllers\StudentProfileController.php on line 125.
 1 SYSTEMPATH\CodeIgniter.php(933): App\Controllers\StudentProfileController->update()
 2 SYSTEMPATH\CodeIgniter.php(509): CodeIgniter\CodeIgniter->runController(Object(App\Controllers\StudentProfileController))
 3 SYSTEMPATH\CodeIgniter.php(355): CodeIgniter\CodeIgniter->handleRequest(null, Object(Config\Cache), false)
 4 SYSTEMPATH\Boot.php(325): CodeIgniter\CodeIgniter->run()
 5 SYSTEMPATH\Boot.php(67): CodeIgniter\Boot::runCodeIgniter(Object(CodeIgniter\CodeIgniter))
 6 FCPATH\index.php(46): CodeIgniter\Boot::bootWeb(Object(Config\Paths))
 7 SYSTEMPATH\rewrite.php(44): require_once('C:\\laragon\\www\\UPSI_SkillHub\\public\\index.php')
CRITICAL - 2024-12-15 19:30:08 --> Error: Call to a member function getErrorString() on null
[Method: GET, Route: student-profile/test-upload]
in APPPATH\Controllers\StudentProfileController.php on line 186.
 1 SYSTEMPATH\CodeIgniter.php(933): App\Controllers\StudentProfileController->testUpload()
 2 SYSTEMPATH\CodeIgniter.php(509): CodeIgniter\CodeIgniter->runController(Object(App\Controllers\StudentProfileController))
 3 SYSTEMPATH\CodeIgniter.php(355): CodeIgniter\CodeIgniter->handleRequest(null, Object(Config\Cache), false)
 4 SYSTEMPATH\Boot.php(325): CodeIgniter\CodeIgniter->run()
 5 SYSTEMPATH\Boot.php(67): CodeIgniter\Boot::runCodeIgniter(Object(CodeIgniter\CodeIgniter))
 6 FCPATH\index.php(46): CodeIgniter\Boot::bootWeb(Object(Config\Paths))
 7 SYSTEMPATH\rewrite.php(44): require_once('C:\\laragon\\www\\UPSI_SkillHub\\public\\index.php')
